<?xml version="1.0" encoding="UTF-8"?>
<!-- Generated by org.testng.reporters.JUnitReportReporter -->
<testsuite hostname="kamaldeep" failures="0" tests="1" name="com.naveenautomationlabs.AutomationFramework.Tests.SuccessTest" time="30.700" errors="0" timestamp="19 Jun 2023 03:03:28 GMT" skipped="0">
  <testcase classname="com.naveenautomationlabs.AutomationFramework.Tests.SuccessTest" name="validateOrderPlacedSuccessfull" time="30.700"/>
</testsuite> <!-- com.naveenautomationlabs.AutomationFramework.Tests.SuccessTest -->
