<?xml version="1.0" encoding="UTF-8"?>
<!-- Generated by org.testng.reporters.JUnitReportReporter -->
<testsuite hostname="kamaldeep" failures="0" tests="2" name="com.naveenautomationlabs.AutomationFramework.Tests.SuccessTest" time="12.210" errors="0" timestamp="2023-07-07T22:58:28 EDT" skipped="1">
  <testcase classname="com.naveenautomationlabs.AutomationFramework.Tests.SuccessTest" name="validateProductSelected" time="12.210"/>
  <system-out/>
  <testcase classname="com.naveenautomationlabs.AutomationFramework.Tests.SuccessTest" name="validateOrderPlacedSuccessfull">
    <skipped/>
  </testcase> <!-- validateOrderPlacedSuccessfull -->
  <system-out/>
</testsuite> <!-- com.naveenautomationlabs.AutomationFramework.Tests.SuccessTest -->
