<?xml version="1.0" encoding="UTF-8"?>
<!-- Generated by org.testng.reporters.JUnitReportReporter -->
<testsuite hostname="kamaldeep" failures="0" tests="1" name="com.naveenautomationlabs.AutomationFramework.Tests.YourStoreTest" time="9.770" errors="0" timestamp="2023-07-07T22:58:28 EDT" skipped="0">
  <testcase classname="com.naveenautomationlabs.AutomationFramework.Tests.YourStoreTest" name="validateWishButtonValueIncrease" time="9.770"/>
  <system-out/>
</testsuite> <!-- com.naveenautomationlabs.AutomationFramework.Tests.YourStoreTest -->
