<?xml version="1.0" encoding="UTF-8"?>
<!-- Generated by org.testng.reporters.JUnitReportReporter -->
<testsuite hostname="kamaldeep" failures="0" tests="1" name="com.naveenautomationlabs.AutomationFramework.Tests.IphoneTest" time="11.269" errors="0" timestamp="2023-07-09T14:10:38 EDT" skipped="0">
  <testcase classname="com.naveenautomationlabs.AutomationFramework.Tests.IphoneTest" name="validateProductSelected" time="11.269"/>
  <system-out/>
</testsuite> <!-- com.naveenautomationlabs.AutomationFramework.Tests.IphoneTest -->
