<?xml version="1.0" encoding="UTF-8"?>
<!-- Generated by org.testng.reporters.JUnitReportReporter -->
<testsuite hostname="kamaldeep" failures="0" tests="2" name="com.naveenautomationlabs.AutomationFramework.AppTest" time="2.774" errors="1" timestamp="18 Jun 2023 21:04:38 GMT" skipped="0">
  <testcase classname="com.naveenautomationlabs.AutomationFramework.AppTest" name="shouldAnswerWithTrue" time="2.756"/>
  <testcase classname="com.naveenautomationlabs.AutomationFramework.AppTest" name="quit" time="0.018">
    <error type="java.lang.StackOverflowError">
      <![CDATA[java.lang.StackOverflowError
at com.naveenautomationlabs.AutomationFramework.AppTest.quit(AppTest.java:34)
at com.naveenautomationlabs.AutomationFramework.AppTest.quit(AppTest.java:34)
at com.naveenautomationlabs.AutomationFramework.AppTest.quit(AppTest.java:34)
at com.naveenautomationlabs.AutomationFramework.AppTest.quit(AppTest.java:34)
at com.naveenautomationlabs.AutomationFramework.AppTest.quit(AppTest.java:34)
at com.naveenautomationlabs.AutomationFramework.AppTest.quit(AppTest.java:34)
at com.naveenautomationlabs.AutomationFramework.AppTest.quit(AppTest.java:34)
at com.naveenautomationlabs.AutomationFramework.AppTest.quit(AppTest.java:34)
at com.naveenautomationlabs.AutomationFramework.AppTest.quit(AppTest.java:34)
at com.naveenautomationlabs.AutomationFramework.AppTest.quit(AppTest.java:34)
at com.naveenautomationlabs.AutomationFramework.AppTest.quit(AppTest.java:34)
at com.naveenautomationlabs.AutomationFramework.AppTest.quit(AppTest.java:34)
at com.naveenautomationlabs.AutomationFramework.AppTest.quit(AppTest.java:34)
at com.naveenautomationlabs.AutomationFramework.AppTest.quit(AppTest.java:34)
at com.naveenautomationlabs.AutomationFramework.AppTest.quit(AppTest.java:34)
at com.naveenautomationlabs.AutomationFramework.AppTest.quit(AppTest.java:34)
at com.naveenautomationlabs.AutomationFramework.AppTest.quit(AppTest.java:34)
at com.naveenautomationlabs.AutomationFramework.AppTest.quit(AppTest.java:34)
at com.naveenautomationlabs.AutomationFramework.AppTest.quit(AppTest.java:34)
at com.naveenautomationlabs.AutomationFramework.AppTest.quit(AppTest.java:34)
at com.naveenautomationlabs.AutomationFramework.AppTest.quit(AppTest.java:34)
at com.naveenautomationlabs.AutomationFramework.AppTest.quit(AppTest.java:34)
at com.naveenautomationlabs.AutomationFramework.AppTest.quit(AppTest.java:34)
at com.naveenautomationlabs.AutomationFramework.AppTest.quit(AppTest.java:34)
at com.naveenautomationlabs.AutomationFramework.AppTest.quit(AppTest.java:34)
at com.naveenautomationlabs.AutomationFramework.AppTest.quit(AppTest.java:34)
at com.naveenautomationlabs.AutomationFramework.AppTest.quit(AppTest.java:34)
at com.naveenautomationlabs.AutomationFramework.AppTest.quit(AppTest.java:34)
at com.naveenautomationlabs.AutomationFramework.AppTest.quit(AppTest.java:34)
at com.naveenautomationlabs.AutomationFramework.AppTest.quit(AppTest.java:34)
at com.naveenautomationlabs.AutomationFramework.AppTest.quit(AppTest.java:34)
at com.naveenautomationlabs.AutomationFramework.AppTest.quit(AppTest.java:34)
at com.naveenautomationlabs.AutomationFramework.AppTest.quit(AppTest.java:34)
at com.naveenautomationlabs.AutomationFramework.AppTest.quit(AppTest.java:34)
at com.naveenautomationlabs.AutomationFramework.AppTest.quit(AppTest.java:34)
at com.naveenautomationlabs.AutomationFramework.AppTest.quit(AppTest.java:34)
at com.naveenautomationlabs.AutomationFramework.AppTest.quit(AppTest.java:34)
at com.naveenautomationlabs.AutomationFramework.AppTest.quit(AppTest.java:34)
at com.naveenautomationlabs.AutomationFramework.AppTest.quit(AppTest.java:34)
at com.naveenautomationlabs.AutomationFramework.AppTest.quit(AppTest.java:34)
at com.naveenautomationlabs.AutomationFramework.AppTest.quit(AppTest.java:34)
at com.naveenautomationlabs.AutomationFramework.AppTest.quit(AppTest.java:34)
at com.naveenautomationlabs.AutomationFramework.AppTest.quit(AppTest.java:34)
at com.naveenautomationlabs.AutomationFramework.AppTest.quit(AppTest.java:34)
at com.naveenautomationlabs.AutomationFramework.AppTest.quit(AppTest.java:34)
at com.naveenautomationlabs.AutomationFramework.AppTest.quit(AppTest.java:34)
at com.naveenautomationlabs.AutomationFramework.AppTest.quit(AppTest.java:34)
at com.naveenautomationlabs.AutomationFramework.AppTest.quit(AppTest.java:34)
at com.naveenautomationlabs.AutomationFramework.AppTest.quit(AppTest.java:34)
at com.naveenautomationlabs.AutomationFramework.AppTest.quit(AppTest.java:34)
at com.naveenautomationlabs.AutomationFramework.AppTest.quit(AppTest.java:34)
at com.naveenautomationlabs.AutomationFramework.AppTest.quit(AppTest.java:34)
at com.naveenautomationlabs.AutomationFramework.AppTest.quit(AppTest.java:34)
at com.naveenautomationlabs.AutomationFramework.AppTest.quit(AppTest.java:34)
at com.naveenautomationlabs.AutomationFramework.AppTest.quit(AppTest.java:34)
at com.naveenautomationlabs.AutomationFramework.AppTest.quit(AppTest.java:34)
at com.naveenautomationlabs.AutomationFramework.AppTest.quit(AppTest.java:34)
at com.naveenautomationlabs.AutomationFramework.AppTest.quit(AppTest.java:34)
at com.naveenautomationlabs.AutomationFramework.AppTest.quit(AppTest.java:34)
at com.naveenautomationlabs.AutomationFramework.AppTest.quit(AppTest.java:34)
at com.naveenautomationlabs.AutomationFramework.AppTest.quit(AppTest.java:34)
at com.naveenautomationlabs.AutomationFramework.AppTest.quit(AppTest.java:34)
at com.naveenautomationlabs.AutomationFramework.AppTest.quit(AppTest.java:34)
at com.naveenautomationlabs.AutomationFramework.AppTest.quit(AppTest.java:34)
at com.naveenautomationlabs.AutomationFramework.AppTest.quit(AppTest.java:34)
at com.naveenautomationlabs.AutomationFramework.AppTest.quit(AppTest.java:34)
at com.naveenautomationlabs.AutomationFramework.AppTest.quit(AppTest.java:34)
at com.naveenautomationlabs.AutomationFramework.AppTest.quit(AppTest.java:34)
at com.naveenautomationlabs.AutomationFramework.AppTest.quit(AppTest.java:34)
at com.naveenautomationlabs.AutomationFramework.AppTest.quit(AppTest.java:34)
at com.naveenautomationlabs.AutomationFramework.AppTest.quit(AppTest.java:34)
at com.naveenautomationlabs.AutomationFramework.AppTest.quit(AppTest.java:34)
at com.naveenautomationlabs.AutomationFramework.AppTest.quit(AppTest.java:34)
at com.naveenautomationlabs.AutomationFramework.AppTest.quit(AppTest.java:34)
at com.naveenautomationlabs.AutomationFramework.AppTest.quit(AppTest.java:34)
at com.naveenautomationlabs.AutomationFramework.AppTest.quit(AppTest.java:34)
at com.naveenautomationlabs.AutomationFramework.AppTest.quit(AppTest.java:34)
at com.naveenautomationlabs.AutomationFramework.AppTest.quit(AppTest.java:34)
at com.naveenautomationlabs.AutomationFramework.AppTest.quit(AppTest.java:34)
at com.naveenautomationlabs.AutomationFramework.AppTest.quit(AppTest.java:34)
at com.naveenautomationlabs.AutomationFramework.AppTest.quit(AppTest.java:34)
at com.naveenautomationlabs.AutomationFramework.AppTest.quit(AppTest.java:34)
at com.naveenautomationlabs.AutomationFramework.AppTest.quit(AppTest.java:34)
at com.naveenautomationlabs.AutomationFramework.AppTest.quit(AppTest.java:34)
at com.naveenautomationlabs.AutomationFramework.AppTest.quit(AppTest.java:34)
at com.naveenautomationlabs.AutomationFramework.AppTest.quit(AppTest.java:34)
at com.naveenautomationlabs.AutomationFramework.AppTest.quit(AppTest.java:34)
at com.naveenautomationlabs.AutomationFramework.AppTest.quit(AppTest.java:34)
at com.naveenautomationlabs.AutomationFramework.AppTest.quit(AppTest.java:34)
at com.naveenautomationlabs.AutomationFramework.AppTest.quit(AppTest.java:34)
at com.naveenautomationlabs.AutomationFramework.AppTest.quit(AppTest.java:34)
at com.naveenautomationlabs.AutomationFramework.AppTest.quit(AppTest.java:34)
at com.naveenautomationlabs.AutomationFramework.AppTest.quit(AppTest.java:34)
at com.naveenautomationlabs.AutomationFramework.AppTest.quit(AppTest.java:34)
at com.naveenautomationlabs.AutomationFramework.AppTest.quit(AppTest.java:34)
at com.naveenautomationlabs.AutomationFramework.AppTest.quit(AppTest.java:34)
at com.naveenautomationlabs.AutomationFramework.AppTest.quit(AppTest.java:34)
at com.naveenautomationlabs.AutomationFramework.AppTest.quit(AppTest.java:34)
at com.naveenautomationlabs.AutomationFramework.AppTest.quit(AppTest.java:34)
at com.naveenautomationlabs.AutomationFramework.AppTest.quit(AppTest.java:34)
at com.naveenautomationlabs.AutomationFramework.AppTest.quit(AppTest.java:34)
at com.naveenautomationlabs.AutomationFramework.AppTest.quit(AppTest.java:34)
at com.naveenautomationlabs.AutomationFramework.AppTest.quit(AppTest.java:34)
at com.naveenautomationlabs.AutomationFramework.AppTest.quit(AppTest.java:34)
at com.naveenautomationlabs.AutomationFramework.AppTest.quit(AppTest.java:34)
at com.naveenautomationlabs.AutomationFramework.AppTest.quit(AppTest.java:34)
at com.naveenautomationlabs.AutomationFramework.AppTest.quit(AppTest.java:34)
at com.naveenautomationlabs.AutomationFramework.AppTest.quit(AppTest.java:34)
at com.naveenautomationlabs.AutomationFramework.AppTest.quit(AppTest.java:34)
at com.naveenautomationlabs.AutomationFramework.AppTest.quit(AppTest.java:34)
at com.naveenautomationlabs.AutomationFramework.AppTest.quit(AppTest.java:34)
at com.naveenautomationlabs.AutomationFramework.AppTest.quit(AppTest.java:34)
at com.naveenautomationlabs.AutomationFramework.AppTest.quit(AppTest.java:34)
at com.naveenautomationlabs.AutomationFramework.AppTest.quit(AppTest.java:34)
at com.naveenautomationlabs.AutomationFramework.AppTest.quit(AppTest.java:34)
at com.naveenautomationlabs.AutomationFramework.AppTest.quit(AppTest.java:34)
at com.naveenautomationlabs.AutomationFramework.AppTest.quit(AppTest.java:34)
at com.naveenautomationlabs.AutomationFramework.AppTest.quit(AppTest.java:34)
at com.naveenautomationlabs.AutomationFramework.AppTest.quit(AppTest.java:34)
at com.naveenautomationlabs.AutomationFramework.AppTest.quit(AppTest.java:34)
at com.naveenautomationlabs.AutomationFramework.AppTest.quit(AppTest.java:34)
at com.naveenautomationlabs.AutomationFramework.AppTest.quit(AppTest.java:34)
at com.naveenautomationlabs.AutomationFramework.AppTest.quit(AppTest.java:34)
at com.naveenautomationlabs.AutomationFramework.AppTest.quit(AppTest.java:34)
at com.naveenautomationlabs.AutomationFramework.AppTest.quit(AppTest.java:34)
at com.naveenautomationlabs.AutomationFramework.AppTest.quit(AppTest.java:34)
at com.naveenautomationlabs.AutomationFramework.AppTest.quit(AppTest.java:34)
at com.naveenautomationlabs.AutomationFramework.AppTest.quit(AppTest.java:34)
at com.naveenautomationlabs.AutomationFramework.AppTest.quit(AppTest.java:34)
at com.naveenautomationlabs.AutomationFramework.AppTest.quit(AppTest.java:34)
at com.naveenautomationlabs.AutomationFramework.AppTest.quit(AppTest.java:34)
at com.naveenautomationlabs.AutomationFramework.AppTest.quit(AppTest.java:34)
at com.naveenautomationlabs.AutomationFramework.AppTest.quit(AppTest.java:34)
at com.naveenautomationlabs.AutomationFramework.AppTest.quit(AppTest.java:34)
at com.naveenautomationlabs.AutomationFramework.AppTest.quit(AppTest.java:34)
at com.naveenautomationlabs.AutomationFramework.AppTest.quit(AppTest.java:34)
at com.naveenautomationlabs.AutomationFramework.AppTest.quit(AppTest.java:34)
at com.naveenautomationlabs.AutomationFramework.AppTest.quit(AppTest.java:34)
at com.naveenautomationlabs.AutomationFramework.AppTest.quit(AppTest.java:34)
at com.naveenautomationlabs.AutomationFramework.AppTest.quit(AppTest.java:34)
at com.naveenautomationlabs.AutomationFramework.AppTest.quit(AppTest.java:34)
at com.naveenautomationlabs.AutomationFramework.AppTest.quit(AppTest.java:34)
at com.naveenautomationlabs.AutomationFramework.AppTest.quit(AppTest.java:34)
at com.naveenautomationlabs.AutomationFramework.AppTest.quit(AppTest.java:34)
at com.naveenautomationlabs.AutomationFramework.AppTest.quit(AppTest.java:34)
at com.naveenautomationlabs.AutomationFramework.AppTest.quit(AppTest.java:34)
at com.naveenautomationlabs.AutomationFramework.AppTest.quit(AppTest.java:34)
at com.naveenautomationlabs.AutomationFramework.AppTest.quit(AppTest.java:34)
at com.naveenautomationlabs.AutomationFramework.AppTest.quit(AppTest.java:34)
at com.naveenautomationlabs.AutomationFramework.AppTest.quit(AppTest.java:34)
at com.naveenautomationlabs.AutomationFramework.AppTest.quit(AppTest.java:34)
at com.naveenautomationlabs.AutomationFramework.AppTest.quit(AppTest.java:34)
at com.naveenautomationlabs.AutomationFramework.AppTest.quit(AppTest.java:34)
at com.naveenautomationlabs.AutomationFramework.AppTest.quit(AppTest.java:34)
at com.naveenautomationlabs.AutomationFramework.AppTest.quit(AppTest.java:34)
at com.naveenautomationlabs.AutomationFramework.AppTest.quit(AppTest.java:34)
at com.naveenautomationlabs.AutomationFramework.AppTest.quit(AppTest.java:34)
at com.naveenautomationlabs.AutomationFramework.AppTest.quit(AppTest.java:34)
at com.naveenautomationlabs.AutomationFramework.AppTest.quit(AppTest.java:34)
at com.naveenautomationlabs.AutomationFramework.AppTest.quit(AppTest.java:34)
at com.naveenautomationlabs.AutomationFramework.AppTest.quit(AppTest.java:34)
at com.naveenautomationlabs.AutomationFramework.AppTest.quit(AppTest.java:34)
at com.naveenautomationlabs.AutomationFramework.AppTest.quit(AppTest.java:34)
at com.naveenautomationlabs.AutomationFramework.AppTest.quit(AppTest.java:34)
at com.naveenautomationlabs.AutomationFramework.AppTest.quit(AppTest.java:34)
at com.naveenautomationlabs.AutomationFramework.AppTest.quit(AppTest.java:34)
at com.naveenautomationlabs.AutomationFramework.AppTest.quit(AppTest.java:34)
at com.naveenautomationlabs.AutomationFramework.AppTest.quit(AppTest.java:34)
at com.naveenautomationlabs.AutomationFramework.AppTest.quit(AppTest.java:34)
at com.naveenautomationlabs.AutomationFramework.AppTest.quit(AppTest.java:34)
at com.naveenautomationlabs.AutomationFramework.AppTest.quit(AppTest.java:34)
at com.naveenautomationlabs.AutomationFramework.AppTest.quit(AppTest.java:34)
at com.naveenautomationlabs.AutomationFramework.AppTest.quit(AppTest.java:34)
at com.naveenautomationlabs.AutomationFramework.AppTest.quit(AppTest.java:34)
at com.naveenautomationlabs.AutomationFramework.AppTest.quit(AppTest.java:34)
at com.naveenautomationlabs.AutomationFramework.AppTest.quit(AppTest.java:34)
at com.naveenautomationlabs.AutomationFramework.AppTest.quit(AppTest.java:34)
at com.naveenautomationlabs.AutomationFramework.AppTest.quit(AppTest.java:34)
at com.naveenautomationlabs.AutomationFramework.AppTest.quit(AppTest.java:34)
at com.naveenautomationlabs.AutomationFramework.AppTest.quit(AppTest.java:34)
at com.naveenautomationlabs.AutomationFramework.AppTest.quit(AppTest.java:34)
at com.naveenautomationlabs.AutomationFramework.AppTest.quit(AppTest.java:34)
at com.naveenautomationlabs.AutomationFramework.AppTest.quit(AppTest.java:34)
at com.naveenautomationlabs.AutomationFramework.AppTest.quit(AppTest.java:34)
at com.naveenautomationlabs.AutomationFramework.AppTest.quit(AppTest.java:34)
at com.naveenautomationlabs.AutomationFramework.AppTest.quit(AppTest.java:34)
at com.naveenautomationlabs.AutomationFramework.AppTest.quit(AppTest.java:34)
at com.naveenautomationlabs.AutomationFramework.AppTest.quit(AppTest.java:34)
at com.naveenautomationlabs.AutomationFramework.AppTest.quit(AppTest.java:34)
at com.naveenautomationlabs.AutomationFramework.AppTest.quit(AppTest.java:34)
at com.naveenautomationlabs.AutomationFramework.AppTest.quit(AppTest.java:34)
at com.naveenautomationlabs.AutomationFramework.AppTest.quit(AppTest.java:34)
at com.naveenautomationlabs.AutomationFramework.AppTest.quit(AppTest.java:34)
at com.naveenautomationlabs.AutomationFramework.AppTest.quit(AppTest.java:34)
at com.naveenautomationlabs.AutomationFramework.AppTest.quit(AppTest.java:34)
at com.naveenautomationlabs.AutomationFramework.AppTest.quit(AppTest.java:34)
at com.naveenautomationlabs.AutomationFramework.AppTest.quit(AppTest.java:34)
at com.naveenautomationlabs.AutomationFramework.AppTest.quit(AppTest.java:34)
at com.naveenautomationlabs.AutomationFramework.AppTest.quit(AppTest.java:34)
at com.naveenautomationlabs.AutomationFramework.AppTest.quit(AppTest.java:34)
at com.naveenautomationlabs.AutomationFramework.AppTest.quit(AppTest.java:34)
at com.naveenautomationlabs.AutomationFramework.AppTest.quit(AppTest.java:34)
at com.naveenautomationlabs.AutomationFramework.AppTest.quit(AppTest.java:34)
at com.naveenautomationlabs.AutomationFramework.AppTest.quit(AppTest.java:34)
at com.naveenautomationlabs.AutomationFramework.AppTest.quit(AppTest.java:34)
at com.naveenautomationlabs.AutomationFramework.AppTest.quit(AppTest.java:34)
at com.naveenautomationlabs.AutomationFramework.AppTest.quit(AppTest.java:34)
at com.naveenautomationlabs.AutomationFramework.AppTest.quit(AppTest.java:34)
at com.naveenautomationlabs.AutomationFramework.AppTest.quit(AppTest.java:34)
at com.naveenautomationlabs.AutomationFramework.AppTest.quit(AppTest.java:34)
at com.naveenautomationlabs.AutomationFramework.AppTest.quit(AppTest.java:34)
at com.naveenautomationlabs.AutomationFramework.AppTest.quit(AppTest.java:34)
at com.naveenautomationlabs.AutomationFramework.AppTest.quit(AppTest.java:34)
at com.naveenautomationlabs.AutomationFramework.AppTest.quit(AppTest.java:34)
at com.naveenautomationlabs.AutomationFramework.AppTest.quit(AppTest.java:34)
at com.naveenautomationlabs.AutomationFramework.AppTest.quit(AppTest.java:34)
at com.naveenautomationlabs.AutomationFramework.AppTest.quit(AppTest.java:34)
at com.naveenautomationlabs.AutomationFramework.AppTest.quit(AppTest.java:34)
at com.naveenautomationlabs.AutomationFramework.AppTest.quit(AppTest.java:34)
at com.naveenautomationlabs.AutomationFramework.AppTest.quit(AppTest.java:34)
at com.naveenautomationlabs.AutomationFramework.AppTest.quit(AppTest.java:34)
at com.naveenautomationlabs.AutomationFramework.AppTest.quit(AppTest.java:34)
at com.naveenautomationlabs.AutomationFramework.AppTest.quit(AppTest.java:34)
at com.naveenautomationlabs.AutomationFramework.AppTest.quit(AppTest.java:34)
at com.naveenautomationlabs.AutomationFramework.AppTest.quit(AppTest.java:34)
at com.naveenautomationlabs.AutomationFramework.AppTest.quit(AppTest.java:34)
at com.naveenautomationlabs.AutomationFramework.AppTest.quit(AppTest.java:34)
at com.naveenautomationlabs.AutomationFramework.AppTest.quit(AppTest.java:34)
at com.naveenautomationlabs.AutomationFramework.AppTest.quit(AppTest.java:34)
at com.naveenautomationlabs.AutomationFramework.AppTest.quit(AppTest.java:34)
at com.naveenautomationlabs.AutomationFramework.AppTest.quit(AppTest.java:34)
at com.naveenautomationlabs.AutomationFramework.AppTest.quit(AppTest.java:34)
at com.naveenautomationlabs.AutomationFramework.AppTest.quit(AppTest.java:34)
at com.naveenautomationlabs.AutomationFramework.AppTest.quit(AppTest.java:34)
at com.naveenautomationlabs.AutomationFramework.AppTest.quit(AppTest.java:34)
at com.naveenautomationlabs.AutomationFramework.AppTest.quit(AppTest.java:34)
at com.naveenautomationlabs.AutomationFramework.AppTest.quit(AppTest.java:34)
at com.naveenautomationlabs.AutomationFramework.AppTest.quit(AppTest.java:34)
at com.naveenautomationlabs.AutomationFramework.AppTest.quit(AppTest.java:34)
at com.naveenautomationlabs.AutomationFramework.AppTest.quit(AppTest.java:34)
at com.naveenautomationlabs.AutomationFramework.AppTest.quit(AppTest.java:34)
at com.naveenautomationlabs.AutomationFramework.AppTest.quit(AppTest.java:34)
at com.naveenautomationlabs.AutomationFramework.AppTest.quit(AppTest.java:34)
at com.naveenautomationlabs.AutomationFramework.AppTest.quit(AppTest.java:34)
at com.naveenautomationlabs.AutomationFramework.AppTest.quit(AppTest.java:34)
at com.naveenautomationlabs.AutomationFramework.AppTest.quit(AppTest.java:34)
at com.naveenautomationlabs.AutomationFramework.AppTest.quit(AppTest.java:34)
at com.naveenautomationlabs.AutomationFramework.AppTest.quit(AppTest.java:34)
at com.naveenautomationlabs.AutomationFramework.AppTest.quit(AppTest.java:34)
at com.naveenautomationlabs.AutomationFramework.AppTest.quit(AppTest.java:34)
at com.naveenautomationlabs.AutomationFramework.AppTest.quit(AppTest.java:34)
at com.naveenautomationlabs.AutomationFramework.AppTest.quit(AppTest.java:34)
at com.naveenautomationlabs.AutomationFramework.AppTest.quit(AppTest.java:34)
at com.naveenautomationlabs.AutomationFramework.AppTest.quit(AppTest.java:34)
at com.naveenautomationlabs.AutomationFramework.AppTest.quit(AppTest.java:34)
at com.naveenautomationlabs.AutomationFramework.AppTest.quit(AppTest.java:34)
at com.naveenautomationlabs.AutomationFramework.AppTest.quit(AppTest.java:34)
at com.naveenautomationlabs.AutomationFramework.AppTest.quit(AppTest.java:34)
at com.naveenautomationlabs.AutomationFramework.AppTest.quit(AppTest.java:34)
at com.naveenautomationlabs.AutomationFramework.AppTest.quit(AppTest.java:34)
at com.naveenautomationlabs.AutomationFramework.AppTest.quit(AppTest.java:34)
at com.naveenautomationlabs.AutomationFramework.AppTest.quit(AppTest.java:34)
at com.naveenautomationlabs.AutomationFramework.AppTest.quit(AppTest.java:34)
at com.naveenautomationlabs.AutomationFramework.AppTest.quit(AppTest.java:34)
at com.naveenautomationlabs.AutomationFramework.AppTest.quit(AppTest.java:34)
at com.naveenautomationlabs.AutomationFramework.AppTest.quit(AppTest.java:34)
at com.naveenautomationlabs.AutomationFramework.AppTest.quit(AppTest.java:34)
at com.naveenautomationlabs.AutomationFramework.AppTest.quit(AppTest.java:34)
at com.naveenautomationlabs.AutomationFramework.AppTest.quit(AppTest.java:34)
at com.naveenautomationlabs.AutomationFramework.AppTest.quit(AppTest.java:34)
at com.naveenautomationlabs.AutomationFramework.AppTest.quit(AppTest.java:34)
at com.naveenautomationlabs.AutomationFramework.AppTest.quit(AppTest.java:34)
at com.naveenautomationlabs.AutomationFramework.AppTest.quit(AppTest.java:34)
at com.naveenautomationlabs.AutomationFramework.AppTest.quit(AppTest.java:34)
at com.naveenautomationlabs.AutomationFramework.AppTest.quit(AppTest.java:34)
at com.naveenautomationlabs.AutomationFramework.AppTest.quit(AppTest.java:34)
at com.naveenautomationlabs.AutomationFramework.AppTest.quit(AppTest.java:34)
at com.naveenautomationlabs.AutomationFramework.AppTest.quit(AppTest.java:34)
at com.naveenautomationlabs.AutomationFramework.AppTest.quit(AppTest.java:34)
at com.naveenautomationlabs.AutomationFramework.AppTest.quit(AppTest.java:34)
at com.naveenautomationlabs.AutomationFramework.AppTest.quit(AppTest.java:34)
at com.naveenautomationlabs.AutomationFramework.AppTest.quit(AppTest.java:34)
at com.naveenautomationlabs.AutomationFramework.AppTest.quit(AppTest.java:34)
at com.naveenautomationlabs.AutomationFramework.AppTest.quit(AppTest.java:34)
at com.naveenautomationlabs.AutomationFramework.AppTest.quit(AppTest.java:34)
at com.naveenautomationlabs.AutomationFramework.AppTest.quit(AppTest.java:34)
at com.naveenautomationlabs.AutomationFramework.AppTest.quit(AppTest.java:34)
at com.naveenautomationlabs.AutomationFramework.AppTest.quit(AppTest.java:34)
at com.naveenautomationlabs.AutomationFramework.AppTest.quit(AppTest.java:34)
at com.naveenautomationlabs.AutomationFramework.AppTest.quit(AppTest.java:34)
at com.naveenautomationlabs.AutomationFramework.AppTest.quit(AppTest.java:34)
at com.naveenautomationlabs.AutomationFramework.AppTest.quit(AppTest.java:34)
at com.naveenautomationlabs.AutomationFramework.AppTest.quit(AppTest.java:34)
at com.naveenautomationlabs.AutomationFramework.AppTest.quit(AppTest.java:34)
at com.naveenautomationlabs.AutomationFramework.AppTest.quit(AppTest.java:34)
at com.naveenautomationlabs.AutomationFramework.AppTest.quit(AppTest.java:34)
at com.naveenautomationlabs.AutomationFramework.AppTest.quit(AppTest.java:34)
at com.naveenautomationlabs.AutomationFramework.AppTest.quit(AppTest.java:34)
at com.naveenautomationlabs.AutomationFramework.AppTest.quit(AppTest.java:34)
at com.naveenautomationlabs.AutomationFramework.AppTest.quit(AppTest.java:34)
at com.naveenautomationlabs.AutomationFramework.AppTest.quit(AppTest.java:34)
at com.naveenautomationlabs.AutomationFramework.AppTest.quit(AppTest.java:34)
at com.naveenautomationlabs.AutomationFramework.AppTest.quit(AppTest.java:34)
at com.naveenautomationlabs.AutomationFramework.AppTest.quit(AppTest.java:34)
at com.naveenautomationlabs.AutomationFramework.AppTest.quit(AppTest.java:34)
at com.naveenautomationlabs.AutomationFramework.AppTest.quit(AppTest.java:34)
at com.naveenautomationlabs.AutomationFramework.AppTest.quit(AppTest.java:34)
at com.naveenautomationlabs.AutomationFramework.AppTest.quit(AppTest.java:34)
at com.naveenautomationlabs.AutomationFramework.AppTest.quit(AppTest.java:34)
at com.naveenautomationlabs.AutomationFramework.AppTest.quit(AppTest.java:34)
at com.naveenautomationlabs.AutomationFramework.AppTest.quit(AppTest.java:34)
at com.naveenautomationlabs.AutomationFramework.AppTest.quit(AppTest.java:34)
at com.naveenautomationlabs.AutomationFramework.AppTest.quit(AppTest.java:34)
at com.naveenautomationlabs.AutomationFramework.AppTest.quit(AppTest.java:34)
at com.naveenautomationlabs.AutomationFramework.AppTest.quit(AppTest.java:34)
at com.naveenautomationlabs.AutomationFramework.AppTest.quit(AppTest.java:34)
at com.naveenautomationlabs.AutomationFramework.AppTest.quit(AppTest.java:34)
at com.naveenautomationlabs.AutomationFramework.AppTest.quit(AppTest.java:34)
at com.naveenautomationlabs.AutomationFramework.AppTest.quit(AppTest.java:34)
at com.naveenautomationlabs.AutomationFramework.AppTest.quit(AppTest.java:34)
at com.naveenautomationlabs.AutomationFramework.AppTest.quit(AppTest.java:34)
at com.naveenautomationlabs.AutomationFramework.AppTest.quit(AppTest.java:34)
at com.naveenautomationlabs.AutomationFramework.AppTest.quit(AppTest.java:34)
at com.naveenautomationlabs.AutomationFramework.AppTest.quit(AppTest.java:34)
at com.naveenautomationlabs.AutomationFramework.AppTest.quit(AppTest.java:34)
at com.naveenautomationlabs.AutomationFramework.AppTest.quit(AppTest.java:34)
at com.naveenautomationlabs.AutomationFramework.AppTest.quit(AppTest.java:34)
at com.naveenautomationlabs.AutomationFramework.AppTest.quit(AppTest.java:34)
at com.naveenautomationlabs.AutomationFramework.AppTest.quit(AppTest.java:34)
at com.naveenautomationlabs.AutomationFramework.AppTest.quit(AppTest.java:34)
at com.naveenautomationlabs.AutomationFramework.AppTest.quit(AppTest.java:34)
at com.naveenautomationlabs.AutomationFramework.AppTest.quit(AppTest.java:34)
at com.naveenautomationlabs.AutomationFramework.AppTest.quit(AppTest.java:34)
at com.naveenautomationlabs.AutomationFramework.AppTest.quit(AppTest.java:34)
at com.naveenautomationlabs.AutomationFramework.AppTest.quit(AppTest.java:34)
at com.naveenautomationlabs.AutomationFramework.AppTest.quit(AppTest.java:34)
at com.naveenautomationlabs.AutomationFramework.AppTest.quit(AppTest.java:34)
at com.naveenautomationlabs.AutomationFramework.AppTest.quit(AppTest.java:34)
at com.naveenautomationlabs.AutomationFramework.AppTest.quit(AppTest.java:34)
at com.naveenautomationlabs.AutomationFramework.AppTest.quit(AppTest.java:34)
at com.naveenautomationlabs.AutomationFramework.AppTest.quit(AppTest.java:34)
at com.naveenautomationlabs.AutomationFramework.AppTest.quit(AppTest.java:34)
at com.naveenautomationlabs.AutomationFramework.AppTest.quit(AppTest.java:34)
at com.naveenautomationlabs.AutomationFramework.AppTest.quit(AppTest.java:34)
at com.naveenautomationlabs.AutomationFramework.AppTest.quit(AppTest.java:34)
at com.naveenautomationlabs.AutomationFramework.AppTest.quit(AppTest.java:34)
at com.naveenautomationlabs.AutomationFramework.AppTest.quit(AppTest.java:34)
at com.naveenautomationlabs.AutomationFramework.AppTest.quit(AppTest.java:34)
at com.naveenautomationlabs.AutomationFramework.AppTest.quit(AppTest.java:34)
at com.naveenautomationlabs.AutomationFramework.AppTest.quit(AppTest.java:34)
at com.naveenautomationlabs.AutomationFramework.AppTest.quit(AppTest.java:34)
at com.naveenautomationlabs.AutomationFramework.AppTest.quit(AppTest.java:34)
at com.naveenautomationlabs.AutomationFramework.AppTest.quit(AppTest.java:34)
at com.naveenautomationlabs.AutomationFramework.AppTest.quit(AppTest.java:34)
at com.naveenautomationlabs.AutomationFramework.AppTest.quit(AppTest.java:34)
at com.naveenautomationlabs.AutomationFramework.AppTest.quit(AppTest.java:34)
at com.naveenautomationlabs.AutomationFramework.AppTest.quit(AppTest.java:34)
at com.naveenautomationlabs.AutomationFramework.AppTest.quit(AppTest.java:34)
at com.naveenautomationlabs.AutomationFramework.AppTest.quit(AppTest.java:34)
at com.naveenautomationlabs.AutomationFramework.AppTest.quit(AppTest.java:34)
at com.naveenautomationlabs.AutomationFramework.AppTest.quit(AppTest.java:34)
at com.naveenautomationlabs.AutomationFramework.AppTest.quit(AppTest.java:34)
at com.naveenautomationlabs.AutomationFramework.AppTest.quit(AppTest.java:34)
at com.naveenautomationlabs.AutomationFramework.AppTest.quit(AppTest.java:34)
at com.naveenautomationlabs.AutomationFramework.AppTest.quit(AppTest.java:34)
at com.naveenautomationlabs.AutomationFramework.AppTest.quit(AppTest.java:34)
at com.naveenautomationlabs.AutomationFramework.AppTest.quit(AppTest.java:34)
at com.naveenautomationlabs.AutomationFramework.AppTest.quit(AppTest.java:34)
at com.naveenautomationlabs.AutomationFramework.AppTest.quit(AppTest.java:34)
at com.naveenautomationlabs.AutomationFramework.AppTest.quit(AppTest.java:34)
at com.naveenautomationlabs.AutomationFramework.AppTest.quit(AppTest.java:34)
at com.naveenautomationlabs.AutomationFramework.AppTest.quit(AppTest.java:34)
at com.naveenautomationlabs.AutomationFramework.AppTest.quit(AppTest.java:34)
at com.naveenautomationlabs.AutomationFramework.AppTest.quit(AppTest.java:34)
at com.naveenautomationlabs.AutomationFramework.AppTest.quit(AppTest.java:34)
at com.naveenautomationlabs.AutomationFramework.AppTest.quit(AppTest.java:34)
at com.naveenautomationlabs.AutomationFramework.AppTest.quit(AppTest.java:34)
at com.naveenautomationlabs.AutomationFramework.AppTest.quit(AppTest.java:34)
at com.naveenautomationlabs.AutomationFramework.AppTest.quit(AppTest.java:34)
at com.naveenautomationlabs.AutomationFramework.AppTest.quit(AppTest.java:34)
at com.naveenautomationlabs.AutomationFramework.AppTest.quit(AppTest.java:34)
at com.naveenautomationlabs.AutomationFramework.AppTest.quit(AppTest.java:34)
at com.naveenautomationlabs.AutomationFramework.AppTest.quit(AppTest.java:34)
at com.naveenautomationlabs.AutomationFramework.AppTest.quit(AppTest.java:34)
at com.naveenautomationlabs.AutomationFramework.AppTest.quit(AppTest.java:34)
at com.naveenautomationlabs.AutomationFramework.AppTest.quit(AppTest.java:34)
at com.naveenautomationlabs.AutomationFramework.AppTest.quit(AppTest.java:34)
at com.naveenautomationlabs.AutomationFramework.AppTest.quit(AppTest.java:34)
at com.naveenautomationlabs.AutomationFramework.AppTest.quit(AppTest.java:34)
at com.naveenautomationlabs.AutomationFramework.AppTest.quit(AppTest.java:34)
at com.naveenautomationlabs.AutomationFramework.AppTest.quit(AppTest.java:34)
at com.naveenautomationlabs.AutomationFramework.AppTest.quit(AppTest.java:34)
at com.naveenautomationlabs.AutomationFramework.AppTest.quit(AppTest.java:34)
at com.naveenautomationlabs.AutomationFramework.AppTest.quit(AppTest.java:34)
at com.naveenautomationlabs.AutomationFramework.AppTest.quit(AppTest.java:34)
at com.naveenautomationlabs.AutomationFramework.AppTest.quit(AppTest.java:34)
at com.naveenautomationlabs.AutomationFramework.AppTest.quit(AppTest.java:34)
at com.naveenautomationlabs.AutomationFramework.AppTest.quit(AppTest.java:34)
at com.naveenautomationlabs.AutomationFramework.AppTest.quit(AppTest.java:34)
at com.naveenautomationlabs.AutomationFramework.AppTest.quit(AppTest.java:34)
at com.naveenautomationlabs.AutomationFramework.AppTest.quit(AppTest.java:34)
at com.naveenautomationlabs.AutomationFramework.AppTest.quit(AppTest.java:34)
at com.naveenautomationlabs.AutomationFramework.AppTest.quit(AppTest.java:34)
at com.naveenautomationlabs.AutomationFramework.AppTest.quit(AppTest.java:34)
at com.naveenautomationlabs.AutomationFramework.AppTest.quit(AppTest.java:34)
at com.naveenautomationlabs.AutomationFramework.AppTest.quit(AppTest.java:34)
at com.naveenautomationlabs.AutomationFramework.AppTest.quit(AppTest.java:34)
at com.naveenautomationlabs.AutomationFramework.AppTest.quit(AppTest.java:34)
at com.naveenautomationlabs.AutomationFramework.AppTest.quit(AppTest.java:34)
at com.naveenautomationlabs.AutomationFramework.AppTest.quit(AppTest.java:34)
at com.naveenautomationlabs.AutomationFramework.AppTest.quit(AppTest.java:34)
at com.naveenautomationlabs.AutomationFramework.AppTest.quit(AppTest.java:34)
at com.naveenautomationlabs.AutomationFramework.AppTest.quit(AppTest.java:34)
at com.naveenautomationlabs.AutomationFramework.AppTest.quit(AppTest.java:34)
at com.naveenautomationlabs.AutomationFramework.AppTest.quit(AppTest.java:34)
at com.naveenautomationlabs.AutomationFramework.AppTest.quit(AppTest.java:34)
at com.naveenautomationlabs.AutomationFramework.AppTest.quit(AppTest.java:34)
at com.naveenautomationlabs.AutomationFramework.AppTest.quit(AppTest.java:34)
at com.naveenautomationlabs.AutomationFramework.AppTest.quit(AppTest.java:34)
at com.naveenautomationlabs.AutomationFramework.AppTest.quit(AppTest.java:34)
at com.naveenautomationlabs.AutomationFramework.AppTest.quit(AppTest.java:34)
at com.naveenautomationlabs.AutomationFramework.AppTest.quit(AppTest.java:34)
at com.naveenautomationlabs.AutomationFramework.AppTest.quit(AppTest.java:34)
at com.naveenautomationlabs.AutomationFramework.AppTest.quit(AppTest.java:34)
at com.naveenautomationlabs.AutomationFramework.AppTest.quit(AppTest.java:34)
at com.naveenautomationlabs.AutomationFramework.AppTest.quit(AppTest.java:34)
at com.naveenautomationlabs.AutomationFramework.AppTest.quit(AppTest.java:34)
at com.naveenautomationlabs.AutomationFramework.AppTest.quit(AppTest.java:34)
at com.naveenautomationlabs.AutomationFramework.AppTest.quit(AppTest.java:34)
at com.naveenautomationlabs.AutomationFramework.AppTest.quit(AppTest.java:34)
at com.naveenautomationlabs.AutomationFramework.AppTest.quit(AppTest.java:34)
at com.naveenautomationlabs.AutomationFramework.AppTest.quit(AppTest.java:34)
at com.naveenautomationlabs.AutomationFramework.AppTest.quit(AppTest.java:34)
at com.naveenautomationlabs.AutomationFramework.AppTest.quit(AppTest.java:34)
at com.naveenautomationlabs.AutomationFramework.AppTest.quit(AppTest.java:34)
at com.naveenautomationlabs.AutomationFramework.AppTest.quit(AppTest.java:34)
at com.naveenautomationlabs.AutomationFramework.AppTest.quit(AppTest.java:34)
at com.naveenautomationlabs.AutomationFramework.AppTest.quit(AppTest.java:34)
at com.naveenautomationlabs.AutomationFramework.AppTest.quit(AppTest.java:34)
at com.naveenautomationlabs.AutomationFramework.AppTest.quit(AppTest.java:34)
at com.naveenautomationlabs.AutomationFramework.AppTest.quit(AppTest.java:34)
at com.naveenautomationlabs.AutomationFramework.AppTest.quit(AppTest.java:34)
at com.naveenautomationlabs.AutomationFramework.AppTest.quit(AppTest.java:34)
at com.naveenautomationlabs.AutomationFramework.AppTest.quit(AppTest.java:34)
at com.naveenautomationlabs.AutomationFramework.AppTest.quit(AppTest.java:34)
at com.naveenautomationlabs.AutomationFramework.AppTest.quit(AppTest.java:34)
at com.naveenautomationlabs.AutomationFramework.AppTest.quit(AppTest.java:34)
at com.naveenautomationlabs.AutomationFramework.AppTest.quit(AppTest.java:34)
at com.naveenautomationlabs.AutomationFramework.AppTest.quit(AppTest.java:34)
at com.naveenautomationlabs.AutomationFramework.AppTest.quit(AppTest.java:34)
at com.naveenautomationlabs.AutomationFramework.AppTest.quit(AppTest.java:34)
at com.naveenautomationlabs.AutomationFramework.AppTest.quit(AppTest.java:34)
at com.naveenautomationlabs.AutomationFramework.AppTest.quit(AppTest.java:34)
at com.naveenautomationlabs.AutomationFramework.AppTest.quit(AppTest.java:34)
at com.naveenautomationlabs.AutomationFramework.AppTest.quit(AppTest.java:34)
at com.naveenautomationlabs.AutomationFramework.AppTest.quit(AppTest.java:34)
at com.naveenautomationlabs.AutomationFramework.AppTest.quit(AppTest.java:34)
at com.naveenautomationlabs.AutomationFramework.AppTest.quit(AppTest.java:34)
at com.naveenautomationlabs.AutomationFramework.AppTest.quit(AppTest.java:34)
at com.naveenautomationlabs.AutomationFramework.AppTest.quit(AppTest.java:34)
at com.naveenautomationlabs.AutomationFramework.AppTest.quit(AppTest.java:34)
at com.naveenautomationlabs.AutomationFramework.AppTest.quit(AppTest.java:34)
at com.naveenautomationlabs.AutomationFramework.AppTest.quit(AppTest.java:34)
at com.naveenautomationlabs.AutomationFramework.AppTest.quit(AppTest.java:34)
at com.naveenautomationlabs.AutomationFramework.AppTest.quit(AppTest.java:34)
at com.naveenautomationlabs.AutomationFramework.AppTest.quit(AppTest.java:34)
at com.naveenautomationlabs.AutomationFramework.AppTest.quit(AppTest.java:34)
at com.naveenautomationlabs.AutomationFramework.AppTest.quit(AppTest.java:34)
at com.naveenautomationlabs.AutomationFramework.AppTest.quit(AppTest.java:34)
at com.naveenautomationlabs.AutomationFramework.AppTest.quit(AppTest.java:34)
at com.naveenautomationlabs.AutomationFramework.AppTest.quit(AppTest.java:34)
at com.naveenautomationlabs.AutomationFramework.AppTest.quit(AppTest.java:34)
at com.naveenautomationlabs.AutomationFramework.AppTest.quit(AppTest.java:34)
at com.naveenautomationlabs.AutomationFramework.AppTest.quit(AppTest.java:34)
at com.naveenautomationlabs.AutomationFramework.AppTest.quit(AppTest.java:34)
at com.naveenautomationlabs.AutomationFramework.AppTest.quit(AppTest.java:34)
at com.naveenautomationlabs.AutomationFramework.AppTest.quit(AppTest.java:34)
at com.naveenautomationlabs.AutomationFramework.AppTest.quit(AppTest.java:34)
at com.naveenautomationlabs.AutomationFramework.AppTest.quit(AppTest.java:34)
at com.naveenautomationlabs.AutomationFramework.AppTest.quit(AppTest.java:34)
at com.naveenautomationlabs.AutomationFramework.AppTest.quit(AppTest.java:34)
at com.naveenautomationlabs.AutomationFramework.AppTest.quit(AppTest.java:34)
at com.naveenautomationlabs.AutomationFramework.AppTest.quit(AppTest.java:34)
at com.naveenautomationlabs.AutomationFramework.AppTest.quit(AppTest.java:34)
at com.naveenautomationlabs.AutomationFramework.AppTest.quit(AppTest.java:34)
at com.naveenautomationlabs.AutomationFramework.AppTest.quit(AppTest.java:34)
at com.naveenautomationlabs.AutomationFramework.AppTest.quit(AppTest.java:34)
at com.naveenautomationlabs.AutomationFramework.AppTest.quit(AppTest.java:34)
at com.naveenautomationlabs.AutomationFramework.AppTest.quit(AppTest.java:34)
at com.naveenautomationlabs.AutomationFramework.AppTest.quit(AppTest.java:34)
at com.naveenautomationlabs.AutomationFramework.AppTest.quit(AppTest.java:34)
at com.naveenautomationlabs.AutomationFramework.AppTest.quit(AppTest.java:34)
at com.naveenautomationlabs.AutomationFramework.AppTest.quit(AppTest.java:34)
at com.naveenautomationlabs.AutomationFramework.AppTest.quit(AppTest.java:34)
at com.naveenautomationlabs.AutomationFramework.AppTest.quit(AppTest.java:34)
at com.naveenautomationlabs.AutomationFramework.AppTest.quit(AppTest.java:34)
at com.naveenautomationlabs.AutomationFramework.AppTest.quit(AppTest.java:34)
at com.naveenautomationlabs.AutomationFramework.AppTest.quit(AppTest.java:34)
at com.naveenautomationlabs.AutomationFramework.AppTest.quit(AppTest.java:34)
at com.naveenautomationlabs.AutomationFramework.AppTest.quit(AppTest.java:34)
at com.naveenautomationlabs.AutomationFramework.AppTest.quit(AppTest.java:34)
at com.naveenautomationlabs.AutomationFramework.AppTest.quit(AppTest.java:34)
at com.naveenautomationlabs.AutomationFramework.AppTest.quit(AppTest.java:34)
at com.naveenautomationlabs.AutomationFramework.AppTest.quit(AppTest.java:34)
at com.naveenautomationlabs.AutomationFramework.AppTest.quit(AppTest.java:34)
at com.naveenautomationlabs.AutomationFramework.AppTest.quit(AppTest.java:34)
at com.naveenautomationlabs.AutomationFramework.AppTest.quit(AppTest.java:34)
at com.naveenautomationlabs.AutomationFramework.AppTest.quit(AppTest.java:34)
at com.naveenautomationlabs.AutomationFramework.AppTest.quit(AppTest.java:34)
at com.naveenautomationlabs.AutomationFramework.AppTest.quit(AppTest.java:34)
at com.naveenautomationlabs.AutomationFramework.AppTest.quit(AppTest.java:34)
at com.naveenautomationlabs.AutomationFramework.AppTest.quit(AppTest.java:34)
at com.naveenautomationlabs.AutomationFramework.AppTest.quit(AppTest.java:34)
at com.naveenautomationlabs.AutomationFramework.AppTest.quit(AppTest.java:34)
at com.naveenautomationlabs.AutomationFramework.AppTest.quit(AppTest.java:34)
at com.naveenautomationlabs.AutomationFramework.AppTest.quit(AppTest.java:34)
at com.naveenautomationlabs.AutomationFramework.AppTest.quit(AppTest.java:34)
at com.naveenautomationlabs.AutomationFramework.AppTest.quit(AppTest.java:34)
at com.naveenautomationlabs.AutomationFramework.AppTest.quit(AppTest.java:34)
at com.naveenautomationlabs.AutomationFramework.AppTest.quit(AppTest.java:34)
at com.naveenautomationlabs.AutomationFramework.AppTest.quit(AppTest.java:34)
at com.naveenautomationlabs.AutomationFramework.AppTest.quit(AppTest.java:34)
at com.naveenautomationlabs.AutomationFramework.AppTest.quit(AppTest.java:34)
at com.naveenautomationlabs.AutomationFramework.AppTest.quit(AppTest.java:34)
at com.naveenautomationlabs.AutomationFramework.AppTest.quit(AppTest.java:34)
at com.naveenautomationlabs.AutomationFramework.AppTest.quit(AppTest.java:34)
at com.naveenautomationlabs.AutomationFramework.AppTest.quit(AppTest.java:34)
at com.naveenautomationlabs.AutomationFramework.AppTest.quit(AppTest.java:34)
at com.naveenautomationlabs.AutomationFramework.AppTest.quit(AppTest.java:34)
at com.naveenautomationlabs.AutomationFramework.AppTest.quit(AppTest.java:34)
at com.naveenautomationlabs.AutomationFramework.AppTest.quit(AppTest.java:34)
at com.naveenautomationlabs.AutomationFramework.AppTest.quit(AppTest.java:34)
at com.naveenautomationlabs.AutomationFramework.AppTest.quit(AppTest.java:34)
at com.naveenautomationlabs.AutomationFramework.AppTest.quit(AppTest.java:34)
at com.naveenautomationlabs.AutomationFramework.AppTest.quit(AppTest.java:34)
at com.naveenautomationlabs.AutomationFramework.AppTest.quit(AppTest.java:34)
at com.naveenautomationlabs.AutomationFramework.AppTest.quit(AppTest.java:34)
at com.naveenautomationlabs.AutomationFramework.AppTest.quit(AppTest.java:34)
at com.naveenautomationlabs.AutomationFramework.AppTest.quit(AppTest.java:34)
at com.naveenautomationlabs.AutomationFramework.AppTest.quit(AppTest.java:34)
at com.naveenautomationlabs.AutomationFramework.AppTest.quit(AppTest.java:34)
at com.naveenautomationlabs.AutomationFramework.AppTest.quit(AppTest.java:34)
at com.naveenautomationlabs.AutomationFramework.AppTest.quit(AppTest.java:34)
at com.naveenautomationlabs.AutomationFramework.AppTest.quit(AppTest.java:34)
at com.naveenautomationlabs.AutomationFramework.AppTest.quit(AppTest.java:34)
at com.naveenautomationlabs.AutomationFramework.AppTest.quit(AppTest.java:34)
at com.naveenautomationlabs.AutomationFramework.AppTest.quit(AppTest.java:34)
at com.naveenautomationlabs.AutomationFramework.AppTest.quit(AppTest.java:34)
at com.naveenautomationlabs.AutomationFramework.AppTest.quit(AppTest.java:34)
at com.naveenautomationlabs.AutomationFramework.AppTest.quit(AppTest.java:34)
at com.naveenautomationlabs.AutomationFramework.AppTest.quit(AppTest.java:34)
at com.naveenautomationlabs.AutomationFramework.AppTest.quit(AppTest.java:34)
at com.naveenautomationlabs.AutomationFramework.AppTest.quit(AppTest.java:34)
at com.naveenautomationlabs.AutomationFramework.AppTest.quit(AppTest.java:34)
at com.naveenautomationlabs.AutomationFramework.AppTest.quit(AppTest.java:34)
at com.naveenautomationlabs.AutomationFramework.AppTest.quit(AppTest.java:34)
at com.naveenautomationlabs.AutomationFramework.AppTest.quit(AppTest.java:34)
at com.naveenautomationlabs.AutomationFramework.AppTest.quit(AppTest.java:34)
at com.naveenautomationlabs.AutomationFramework.AppTest.quit(AppTest.java:34)
at com.naveenautomationlabs.AutomationFramework.AppTest.quit(AppTest.java:34)
at com.naveenautomationlabs.AutomationFramework.AppTest.quit(AppTest.java:34)
at com.naveenautomationlabs.AutomationFramework.AppTest.quit(AppTest.java:34)
at com.naveenautomationlabs.AutomationFramework.AppTest.quit(AppTest.java:34)
at com.naveenautomationlabs.AutomationFramework.AppTest.quit(AppTest.java:34)
at com.naveenautomationlabs.AutomationFramework.AppTest.quit(AppTest.java:34)
at com.naveenautomationlabs.AutomationFramework.AppTest.quit(AppTest.java:34)
at com.naveenautomationlabs.AutomationFramework.AppTest.quit(AppTest.java:34)
at com.naveenautomationlabs.AutomationFramework.AppTest.quit(AppTest.java:34)
at com.naveenautomationlabs.AutomationFramework.AppTest.quit(AppTest.java:34)
at com.naveenautomationlabs.AutomationFramework.AppTest.quit(AppTest.java:34)
at com.naveenautomationlabs.AutomationFramework.AppTest.quit(AppTest.java:34)
at com.naveenautomationlabs.AutomationFramework.AppTest.quit(AppTest.java:34)
at com.naveenautomationlabs.AutomationFramework.AppTest.quit(AppTest.java:34)
at com.naveenautomationlabs.AutomationFramework.AppTest.quit(AppTest.java:34)
at com.naveenautomationlabs.AutomationFramework.AppTest.quit(AppTest.java:34)
at com.naveenautomationlabs.AutomationFramework.AppTest.quit(AppTest.java:34)
at com.naveenautomationlabs.AutomationFramework.AppTest.quit(AppTest.java:34)
at com.naveenautomationlabs.AutomationFramework.AppTest.quit(AppTest.java:34)
at com.naveenautomationlabs.AutomationFramework.AppTest.quit(AppTest.java:34)
at com.naveenautomationlabs.AutomationFramework.AppTest.quit(AppTest.java:34)
at com.naveenautomationlabs.AutomationFramework.AppTest.quit(AppTest.java:34)
at com.naveenautomationlabs.AutomationFramework.AppTest.quit(AppTest.java:34)
at com.naveenautomationlabs.AutomationFramework.AppTest.quit(AppTest.java:34)
at com.naveenautomationlabs.AutomationFramework.AppTest.quit(AppTest.java:34)
at com.naveenautomationlabs.AutomationFramework.AppTest.quit(AppTest.java:34)
at com.naveenautomationlabs.AutomationFramework.AppTest.quit(AppTest.java:34)
at com.naveenautomationlabs.AutomationFramework.AppTest.quit(AppTest.java:34)
at com.naveenautomationlabs.AutomationFramework.AppTest.quit(AppTest.java:34)
at com.naveenautomationlabs.AutomationFramework.AppTest.quit(AppTest.java:34)
at com.naveenautomationlabs.AutomationFramework.AppTest.quit(AppTest.java:34)
at com.naveenautomationlabs.AutomationFramework.AppTest.quit(AppTest.java:34)
at com.naveenautomationlabs.AutomationFramework.AppTest.quit(AppTest.java:34)
at com.naveenautomationlabs.AutomationFramework.AppTest.quit(AppTest.java:34)
at com.naveenautomationlabs.AutomationFramework.AppTest.quit(AppTest.java:34)
at com.naveenautomationlabs.AutomationFramework.AppTest.quit(AppTest.java:34)
at com.naveenautomationlabs.AutomationFramework.AppTest.quit(AppTest.java:34)
at com.naveenautomationlabs.AutomationFramework.AppTest.quit(AppTest.java:34)
at com.naveenautomationlabs.AutomationFramework.AppTest.quit(AppTest.java:34)
at com.naveenautomationlabs.AutomationFramework.AppTest.quit(AppTest.java:34)
at com.naveenautomationlabs.AutomationFramework.AppTest.quit(AppTest.java:34)
at com.naveenautomationlabs.AutomationFramework.AppTest.quit(AppTest.java:34)
at com.naveenautomationlabs.AutomationFramework.AppTest.quit(AppTest.java:34)
at com.naveenautomationlabs.AutomationFramework.AppTest.quit(AppTest.java:34)
at com.naveenautomationlabs.AutomationFramework.AppTest.quit(AppTest.java:34)
at com.naveenautomationlabs.AutomationFramework.AppTest.quit(AppTest.java:34)
at com.naveenautomationlabs.AutomationFramework.AppTest.quit(AppTest.java:34)
at com.naveenautomationlabs.AutomationFramework.AppTest.quit(AppTest.java:34)
at com.naveenautomationlabs.AutomationFramework.AppTest.quit(AppTest.java:34)
at com.naveenautomationlabs.AutomationFramework.AppTest.quit(AppTest.java:34)
at com.naveenautomationlabs.AutomationFramework.AppTest.quit(AppTest.java:34)
at com.naveenautomationlabs.AutomationFramework.AppTest.quit(AppTest.java:34)
at com.naveenautomationlabs.AutomationFramework.AppTest.quit(AppTest.java:34)
at com.naveenautomationlabs.AutomationFramework.AppTest.quit(AppTest.java:34)
at com.naveenautomationlabs.AutomationFramework.AppTest.quit(AppTest.java:34)
at com.naveenautomationlabs.AutomationFramework.AppTest.quit(AppTest.java:34)
at com.naveenautomationlabs.AutomationFramework.AppTest.quit(AppTest.java:34)
at com.naveenautomationlabs.AutomationFramework.AppTest.quit(AppTest.java:34)
at com.naveenautomationlabs.AutomationFramework.AppTest.quit(AppTest.java:34)
at com.naveenautomationlabs.AutomationFramework.AppTest.quit(AppTest.java:34)
at com.naveenautomationlabs.AutomationFramework.AppTest.quit(AppTest.java:34)
at com.naveenautomationlabs.AutomationFramework.AppTest.quit(AppTest.java:34)
at com.naveenautomationlabs.AutomationFramework.AppTest.quit(AppTest.java:34)
at com.naveenautomationlabs.AutomationFramework.AppTest.quit(AppTest.java:34)
at com.naveenautomationlabs.AutomationFramework.AppTest.quit(AppTest.java:34)
at com.naveenautomationlabs.AutomationFramework.AppTest.quit(AppTest.java:34)
at com.naveenautomationlabs.AutomationFramework.AppTest.quit(AppTest.java:34)
at com.naveenautomationlabs.AutomationFramework.AppTest.quit(AppTest.java:34)
at com.naveenautomationlabs.AutomationFramework.AppTest.quit(AppTest.java:34)
at com.naveenautomationlabs.AutomationFramework.AppTest.quit(AppTest.java:34)
at com.naveenautomationlabs.AutomationFramework.AppTest.quit(AppTest.java:34)
at com.naveenautomationlabs.AutomationFramework.AppTest.quit(AppTest.java:34)
at com.naveenautomationlabs.AutomationFramework.AppTest.quit(AppTest.java:34)
at com.naveenautomationlabs.AutomationFramework.AppTest.quit(AppTest.java:34)
at com.naveenautomationlabs.AutomationFramework.AppTest.quit(AppTest.java:34)
at com.naveenautomationlabs.AutomationFramework.AppTest.quit(AppTest.java:34)
at com.naveenautomationlabs.AutomationFramework.AppTest.quit(AppTest.java:34)
at com.naveenautomationlabs.AutomationFramework.AppTest.quit(AppTest.java:34)
at com.naveenautomationlabs.AutomationFramework.AppTest.quit(AppTest.java:34)
at com.naveenautomationlabs.AutomationFramework.AppTest.quit(AppTest.java:34)
at com.naveenautomationlabs.AutomationFramework.AppTest.quit(AppTest.java:34)
at com.naveenautomationlabs.AutomationFramework.AppTest.quit(AppTest.java:34)
at com.naveenautomationlabs.AutomationFramework.AppTest.quit(AppTest.java:34)
at com.naveenautomationlabs.AutomationFramework.AppTest.quit(AppTest.java:34)
at com.naveenautomationlabs.AutomationFramework.AppTest.quit(AppTest.java:34)
at com.naveenautomationlabs.AutomationFramework.AppTest.quit(AppTest.java:34)
at com.naveenautomationlabs.AutomationFramework.AppTest.quit(AppTest.java:34)
at com.naveenautomationlabs.AutomationFramework.AppTest.quit(AppTest.java:34)
at com.naveenautomationlabs.AutomationFramework.AppTest.quit(AppTest.java:34)
at com.naveenautomationlabs.AutomationFramework.AppTest.quit(AppTest.java:34)
at com.naveenautomationlabs.AutomationFramework.AppTest.quit(AppTest.java:34)
at com.naveenautomationlabs.AutomationFramework.AppTest.quit(AppTest.java:34)
at com.naveenautomationlabs.AutomationFramework.AppTest.quit(AppTest.java:34)
at com.naveenautomationlabs.AutomationFramework.AppTest.quit(AppTest.java:34)
at com.naveenautomationlabs.AutomationFramework.AppTest.quit(AppTest.java:34)
at com.naveenautomationlabs.AutomationFramework.AppTest.quit(AppTest.java:34)
at com.naveenautomationlabs.AutomationFramework.AppTest.quit(AppTest.java:34)
at com.naveenautomationlabs.AutomationFramework.AppTest.quit(AppTest.java:34)
at com.naveenautomationlabs.AutomationFramework.AppTest.quit(AppTest.java:34)
at com.naveenautomationlabs.AutomationFramework.AppTest.quit(AppTest.java:34)
at com.naveenautomationlabs.AutomationFramework.AppTest.quit(AppTest.java:34)
at com.naveenautomationlabs.AutomationFramework.AppTest.quit(AppTest.java:34)
at com.naveenautomationlabs.AutomationFramework.AppTest.quit(AppTest.java:34)
at com.naveenautomationlabs.AutomationFramework.AppTest.quit(AppTest.java:34)
at com.naveenautomationlabs.AutomationFramework.AppTest.quit(AppTest.java:34)
at com.naveenautomationlabs.AutomationFramework.AppTest.quit(AppTest.java:34)
at com.naveenautomationlabs.AutomationFramework.AppTest.quit(AppTest.java:34)
at com.naveenautomationlabs.AutomationFramework.AppTest.quit(AppTest.java:34)
at com.naveenautomationlabs.AutomationFramework.AppTest.quit(AppTest.java:34)
at com.naveenautomationlabs.AutomationFramework.AppTest.quit(AppTest.java:34)
at com.naveenautomationlabs.AutomationFramework.AppTest.quit(AppTest.java:34)
at com.naveenautomationlabs.AutomationFramework.AppTest.quit(AppTest.java:34)
at com.naveenautomationlabs.AutomationFramework.AppTest.quit(AppTest.java:34)
at com.naveenautomationlabs.AutomationFramework.AppTest.quit(AppTest.java:34)
at com.naveenautomationlabs.AutomationFramework.AppTest.quit(AppTest.java:34)
at com.naveenautomationlabs.AutomationFramework.AppTest.quit(AppTest.java:34)
at com.naveenautomationlabs.AutomationFramework.AppTest.quit(AppTest.java:34)
at com.naveenautomationlabs.AutomationFramework.AppTest.quit(AppTest.java:34)
at com.naveenautomationlabs.AutomationFramework.AppTest.quit(AppTest.java:34)
at com.naveenautomationlabs.AutomationFramework.AppTest.quit(AppTest.java:34)
at com.naveenautomationlabs.AutomationFramework.AppTest.quit(AppTest.java:34)
at com.naveenautomationlabs.AutomationFramework.AppTest.quit(AppTest.java:34)
at com.naveenautomationlabs.AutomationFramework.AppTest.quit(AppTest.java:34)
at com.naveenautomationlabs.AutomationFramework.AppTest.quit(AppTest.java:34)
at com.naveenautomationlabs.AutomationFramework.AppTest.quit(AppTest.java:34)
at com.naveenautomationlabs.AutomationFramework.AppTest.quit(AppTest.java:34)
at com.naveenautomationlabs.AutomationFramework.AppTest.quit(AppTest.java:34)
at com.naveenautomationlabs.AutomationFramework.AppTest.quit(AppTest.java:34)
at com.naveenautomationlabs.AutomationFramework.AppTest.quit(AppTest.java:34)
at com.naveenautomationlabs.AutomationFramework.AppTest.quit(AppTest.java:34)
at com.naveenautomationlabs.AutomationFramework.AppTest.quit(AppTest.java:34)
at com.naveenautomationlabs.AutomationFramework.AppTest.quit(AppTest.java:34)
at com.naveenautomationlabs.AutomationFramework.AppTest.quit(AppTest.java:34)
at com.naveenautomationlabs.AutomationFramework.AppTest.quit(AppTest.java:34)
at com.naveenautomationlabs.AutomationFramework.AppTest.quit(AppTest.java:34)
at com.naveenautomationlabs.AutomationFramework.AppTest.quit(AppTest.java:34)
at com.naveenautomationlabs.AutomationFramework.AppTest.quit(AppTest.java:34)
at com.naveenautomationlabs.AutomationFramework.AppTest.quit(AppTest.java:34)
at com.naveenautomationlabs.AutomationFramework.AppTest.quit(AppTest.java:34)
at com.naveenautomationlabs.AutomationFramework.AppTest.quit(AppTest.java:34)
at com.naveenautomationlabs.AutomationFramework.AppTest.quit(AppTest.java:34)
at com.naveenautomationlabs.AutomationFramework.AppTest.quit(AppTest.java:34)
at com.naveenautomationlabs.AutomationFramework.AppTest.quit(AppTest.java:34)
at com.naveenautomationlabs.AutomationFramework.AppTest.quit(AppTest.java:34)
at com.naveenautomationlabs.AutomationFramework.AppTest.quit(AppTest.java:34)
at com.naveenautomationlabs.AutomationFramework.AppTest.quit(AppTest.java:34)
at com.naveenautomationlabs.AutomationFramework.AppTest.quit(AppTest.java:34)
at com.naveenautomationlabs.AutomationFramework.AppTest.quit(AppTest.java:34)
at com.naveenautomationlabs.AutomationFramework.AppTest.quit(AppTest.java:34)
at com.naveenautomationlabs.AutomationFramework.AppTest.quit(AppTest.java:34)
at com.naveenautomationlabs.AutomationFramework.AppTest.quit(AppTest.java:34)
at com.naveenautomationlabs.AutomationFramework.AppTest.quit(AppTest.java:34)
at com.naveenautomationlabs.AutomationFramework.AppTest.quit(AppTest.java:34)
at com.naveenautomationlabs.AutomationFramework.AppTest.quit(AppTest.java:34)
at com.naveenautomationlabs.AutomationFramework.AppTest.quit(AppTest.java:34)
at com.naveenautomationlabs.AutomationFramework.AppTest.quit(AppTest.java:34)
at com.naveenautomationlabs.AutomationFramework.AppTest.quit(AppTest.java:34)
at com.naveenautomationlabs.AutomationFramework.AppTest.quit(AppTest.java:34)
at com.naveenautomationlabs.AutomationFramework.AppTest.quit(AppTest.java:34)
at com.naveenautomationlabs.AutomationFramework.AppTest.quit(AppTest.java:34)
at com.naveenautomationlabs.AutomationFramework.AppTest.quit(AppTest.java:34)
at com.naveenautomationlabs.AutomationFramework.AppTest.quit(AppTest.java:34)
at com.naveenautomationlabs.AutomationFramework.AppTest.quit(AppTest.java:34)
at com.naveenautomationlabs.AutomationFramework.AppTest.quit(AppTest.java:34)
at com.naveenautomationlabs.AutomationFramework.AppTest.quit(AppTest.java:34)
at com.naveenautomationlabs.AutomationFramework.AppTest.quit(AppTest.java:34)
at com.naveenautomationlabs.AutomationFramework.AppTest.quit(AppTest.java:34)
at com.naveenautomationlabs.AutomationFramework.AppTest.quit(AppTest.java:34)
at com.naveenautomationlabs.AutomationFramework.AppTest.quit(AppTest.java:34)
at com.naveenautomationlabs.AutomationFramework.AppTest.quit(AppTest.java:34)
at com.naveenautomationlabs.AutomationFramework.AppTest.quit(AppTest.java:34)
at com.naveenautomationlabs.AutomationFramework.AppTest.quit(AppTest.java:34)
at com.naveenautomationlabs.AutomationFramework.AppTest.quit(AppTest.java:34)
at com.naveenautomationlabs.AutomationFramework.AppTest.quit(AppTest.java:34)
at com.naveenautomationlabs.AutomationFramework.AppTest.quit(AppTest.java:34)
at com.naveenautomationlabs.AutomationFramework.AppTest.quit(AppTest.java:34)
at com.naveenautomationlabs.AutomationFramework.AppTest.quit(AppTest.java:34)
at com.naveenautomationlabs.AutomationFramework.AppTest.quit(AppTest.java:34)
at com.naveenautomationlabs.AutomationFramework.AppTest.quit(AppTest.java:34)
at com.naveenautomationlabs.AutomationFramework.AppTest.quit(AppTest.java:34)
at com.naveenautomationlabs.AutomationFramework.AppTest.quit(AppTest.java:34)
at com.naveenautomationlabs.AutomationFramework.AppTest.quit(AppTest.java:34)
at com.naveenautomationlabs.AutomationFramework.AppTest.quit(AppTest.java:34)
at com.naveenautomationlabs.AutomationFramework.AppTest.quit(AppTest.java:34)
at com.naveenautomationlabs.AutomationFramework.AppTest.quit(AppTest.java:34)
at com.naveenautomationlabs.AutomationFramework.AppTest.quit(AppTest.java:34)
at com.naveenautomationlabs.AutomationFramework.AppTest.quit(AppTest.java:34)
at com.naveenautomationlabs.AutomationFramework.AppTest.quit(AppTest.java:34)
at com.naveenautomationlabs.AutomationFramework.AppTest.quit(AppTest.java:34)
at com.naveenautomationlabs.AutomationFramework.AppTest.quit(AppTest.java:34)
at com.naveenautomationlabs.AutomationFramework.AppTest.quit(AppTest.java:34)
at com.naveenautomationlabs.AutomationFramework.AppTest.quit(AppTest.java:34)
at com.naveenautomationlabs.AutomationFramework.AppTest.quit(AppTest.java:34)
at com.naveenautomationlabs.AutomationFramework.AppTest.quit(AppTest.java:34)
at com.naveenautomationlabs.AutomationFramework.AppTest.quit(AppTest.java:34)
at com.naveenautomationlabs.AutomationFramework.AppTest.quit(AppTest.java:34)
at com.naveenautomationlabs.AutomationFramework.AppTest.quit(AppTest.java:34)
at com.naveenautomationlabs.AutomationFramework.AppTest.quit(AppTest.java:34)
at com.naveenautomationlabs.AutomationFramework.AppTest.quit(AppTest.java:34)
at com.naveenautomationlabs.AutomationFramework.AppTest.quit(AppTest.java:34)
at com.naveenautomationlabs.AutomationFramework.AppTest.quit(AppTest.java:34)
at com.naveenautomationlabs.AutomationFramework.AppTest.quit(AppTest.java:34)
at com.naveenautomationlabs.AutomationFramework.AppTest.quit(AppTest.java:34)
at com.naveenautomationlabs.AutomationFramework.AppTest.quit(AppTest.java:34)
at com.naveenautomationlabs.AutomationFramework.AppTest.quit(AppTest.java:34)
at com.naveenautomationlabs.AutomationFramework.AppTest.quit(AppTest.java:34)
at com.naveenautomationlabs.AutomationFramework.AppTest.quit(AppTest.java:34)
at com.naveenautomationlabs.AutomationFramework.AppTest.quit(AppTest.java:34)
at com.naveenautomationlabs.AutomationFramework.AppTest.quit(AppTest.java:34)
at com.naveenautomationlabs.AutomationFramework.AppTest.quit(AppTest.java:34)
at com.naveenautomationlabs.AutomationFramework.AppTest.quit(AppTest.java:34)
at com.naveenautomationlabs.AutomationFramework.AppTest.quit(AppTest.java:34)
at com.naveenautomationlabs.AutomationFramework.AppTest.quit(AppTest.java:34)
at com.naveenautomationlabs.AutomationFramework.AppTest.quit(AppTest.java:34)
at com.naveenautomationlabs.AutomationFramework.AppTest.quit(AppTest.java:34)
at com.naveenautomationlabs.AutomationFramework.AppTest.quit(AppTest.java:34)
at com.naveenautomationlabs.AutomationFramework.AppTest.quit(AppTest.java:34)
at com.naveenautomationlabs.AutomationFramework.AppTest.quit(AppTest.java:34)
at com.naveenautomationlabs.AutomationFramework.AppTest.quit(AppTest.java:34)
at com.naveenautomationlabs.AutomationFramework.AppTest.quit(AppTest.java:34)
at com.naveenautomationlabs.AutomationFramework.AppTest.quit(AppTest.java:34)
at com.naveenautomationlabs.AutomationFramework.AppTest.quit(AppTest.java:34)
at com.naveenautomationlabs.AutomationFramework.AppTest.quit(AppTest.java:34)
at com.naveenautomationlabs.AutomationFramework.AppTest.quit(AppTest.java:34)
at com.naveenautomationlabs.AutomationFramework.AppTest.quit(AppTest.java:34)
at com.naveenautomationlabs.AutomationFramework.AppTest.quit(AppTest.java:34)
at com.naveenautomationlabs.AutomationFramework.AppTest.quit(AppTest.java:34)
at com.naveenautomationlabs.AutomationFramework.AppTest.quit(AppTest.java:34)
at com.naveenautomationlabs.AutomationFramework.AppTest.quit(AppTest.java:34)
at com.naveenautomationlabs.AutomationFramework.AppTest.quit(AppTest.java:34)
at com.naveenautomationlabs.AutomationFramework.AppTest.quit(AppTest.java:34)
at com.naveenautomationlabs.AutomationFramework.AppTest.quit(AppTest.java:34)
at com.naveenautomationlabs.AutomationFramework.AppTest.quit(AppTest.java:34)
at com.naveenautomationlabs.AutomationFramework.AppTest.quit(AppTest.java:34)
at com.naveenautomationlabs.AutomationFramework.AppTest.quit(AppTest.java:34)
at com.naveenautomationlabs.AutomationFramework.AppTest.quit(AppTest.java:34)
at com.naveenautomationlabs.AutomationFramework.AppTest.quit(AppTest.java:34)
at com.naveenautomationlabs.AutomationFramework.AppTest.quit(AppTest.java:34)
at com.naveenautomationlabs.AutomationFramework.AppTest.quit(AppTest.java:34)
at com.naveenautomationlabs.AutomationFramework.AppTest.quit(AppTest.java:34)
at com.naveenautomationlabs.AutomationFramework.AppTest.quit(AppTest.java:34)
at com.naveenautomationlabs.AutomationFramework.AppTest.quit(AppTest.java:34)
at com.naveenautomationlabs.AutomationFramework.AppTest.quit(AppTest.java:34)
at com.naveenautomationlabs.AutomationFramework.AppTest.quit(AppTest.java:34)
at com.naveenautomationlabs.AutomationFramework.AppTest.quit(AppTest.java:34)
at com.naveenautomationlabs.AutomationFramework.AppTest.quit(AppTest.java:34)
at com.naveenautomationlabs.AutomationFramework.AppTest.quit(AppTest.java:34)
at com.naveenautomationlabs.AutomationFramework.AppTest.quit(AppTest.java:34)
at com.naveenautomationlabs.AutomationFramework.AppTest.quit(AppTest.java:34)
at com.naveenautomationlabs.AutomationFramework.AppTest.quit(AppTest.java:34)
at com.naveenautomationlabs.AutomationFramework.AppTest.quit(AppTest.java:34)
at com.naveenautomationlabs.AutomationFramework.AppTest.quit(AppTest.java:34)
at com.naveenautomationlabs.AutomationFramework.AppTest.quit(AppTest.java:34)
at com.naveenautomationlabs.AutomationFramework.AppTest.quit(AppTest.java:34)
at com.naveenautomationlabs.AutomationFramework.AppTest.quit(AppTest.java:34)
at com.naveenautomationlabs.AutomationFramework.AppTest.quit(AppTest.java:34)
at com.naveenautomationlabs.AutomationFramework.AppTest.quit(AppTest.java:34)
at com.naveenautomationlabs.AutomationFramework.AppTest.quit(AppTest.java:34)
at com.naveenautomationlabs.AutomationFramework.AppTest.quit(AppTest.java:34)
at com.naveenautomationlabs.AutomationFramework.AppTest.quit(AppTest.java:34)
at com.naveenautomationlabs.AutomationFramework.AppTest.quit(AppTest.java:34)
at com.naveenautomationlabs.AutomationFramework.AppTest.quit(AppTest.java:34)
at com.naveenautomationlabs.AutomationFramework.AppTest.quit(AppTest.java:34)
at com.naveenautomationlabs.AutomationFramework.AppTest.quit(AppTest.java:34)
at com.naveenautomationlabs.AutomationFramework.AppTest.quit(AppTest.java:34)
at com.naveenautomationlabs.AutomationFramework.AppTest.quit(AppTest.java:34)
at com.naveenautomationlabs.AutomationFramework.AppTest.quit(AppTest.java:34)
at com.naveenautomationlabs.AutomationFramework.AppTest.quit(AppTest.java:34)
at com.naveenautomationlabs.AutomationFramework.AppTest.quit(AppTest.java:34)
at com.naveenautomationlabs.AutomationFramework.AppTest.quit(AppTest.java:34)
at com.naveenautomationlabs.AutomationFramework.AppTest.quit(AppTest.java:34)
at com.naveenautomationlabs.AutomationFramework.AppTest.quit(AppTest.java:34)
at com.naveenautomationlabs.AutomationFramework.AppTest.quit(AppTest.java:34)
at com.naveenautomationlabs.AutomationFramework.AppTest.quit(AppTest.java:34)
at com.naveenautomationlabs.AutomationFramework.AppTest.quit(AppTest.java:34)
at com.naveenautomationlabs.AutomationFramework.AppTest.quit(AppTest.java:34)
at com.naveenautomationlabs.AutomationFramework.AppTest.quit(AppTest.java:34)
at com.naveenautomationlabs.AutomationFramework.AppTest.quit(AppTest.java:34)
at com.naveenautomationlabs.AutomationFramework.AppTest.quit(AppTest.java:34)
at com.naveenautomationlabs.AutomationFramework.AppTest.quit(AppTest.java:34)
at com.naveenautomationlabs.AutomationFramework.AppTest.quit(AppTest.java:34)
at com.naveenautomationlabs.AutomationFramework.AppTest.quit(AppTest.java:34)
at com.naveenautomationlabs.AutomationFramework.AppTest.quit(AppTest.java:34)
at com.naveenautomationlabs.AutomationFramework.AppTest.quit(AppTest.java:34)
at com.naveenautomationlabs.AutomationFramework.AppTest.quit(AppTest.java:34)
at com.naveenautomationlabs.AutomationFramework.AppTest.quit(AppTest.java:34)
at com.naveenautomationlabs.AutomationFramework.AppTest.quit(AppTest.java:34)
at com.naveenautomationlabs.AutomationFramework.AppTest.quit(AppTest.java:34)
at com.naveenautomationlabs.AutomationFramework.AppTest.quit(AppTest.java:34)
at com.naveenautomationlabs.AutomationFramework.AppTest.quit(AppTest.java:34)
at com.naveenautomationlabs.AutomationFramework.AppTest.quit(AppTest.java:34)
at com.naveenautomationlabs.AutomationFramework.AppTest.quit(AppTest.java:34)
at com.naveenautomationlabs.AutomationFramework.AppTest.quit(AppTest.java:34)
at com.naveenautomationlabs.AutomationFramework.AppTest.quit(AppTest.java:34)
at com.naveenautomationlabs.AutomationFramework.AppTest.quit(AppTest.java:34)
at com.naveenautomationlabs.AutomationFramework.AppTest.quit(AppTest.java:34)
at com.naveenautomationlabs.AutomationFramework.AppTest.quit(AppTest.java:34)
at com.naveenautomationlabs.AutomationFramework.AppTest.quit(AppTest.java:34)
at com.naveenautomationlabs.AutomationFramework.AppTest.quit(AppTest.java:34)
at com.naveenautomationlabs.AutomationFramework.AppTest.quit(AppTest.java:34)
at com.naveenautomationlabs.AutomationFramework.AppTest.quit(AppTest.java:34)
at com.naveenautomationlabs.AutomationFramework.AppTest.quit(AppTest.java:34)
at com.naveenautomationlabs.AutomationFramework.AppTest.quit(AppTest.java:34)
at com.naveenautomationlabs.AutomationFramework.AppTest.quit(AppTest.java:34)
at com.naveenautomationlabs.AutomationFramework.AppTest.quit(AppTest.java:34)
at com.naveenautomationlabs.AutomationFramework.AppTest.quit(AppTest.java:34)
at com.naveenautomationlabs.AutomationFramework.AppTest.quit(AppTest.java:34)
at com.naveenautomationlabs.AutomationFramework.AppTest.quit(AppTest.java:34)
at com.naveenautomationlabs.AutomationFramework.AppTest.quit(AppTest.java:34)
at com.naveenautomationlabs.AutomationFramework.AppTest.quit(AppTest.java:34)
at com.naveenautomationlabs.AutomationFramework.AppTest.quit(AppTest.java:34)
at com.naveenautomationlabs.AutomationFramework.AppTest.quit(AppTest.java:34)
at com.naveenautomationlabs.AutomationFramework.AppTest.quit(AppTest.java:34)
at com.naveenautomationlabs.AutomationFramework.AppTest.quit(AppTest.java:34)
at com.naveenautomationlabs.AutomationFramework.AppTest.quit(AppTest.java:34)
at com.naveenautomationlabs.AutomationFramework.AppTest.quit(AppTest.java:34)
at com.naveenautomationlabs.AutomationFramework.AppTest.quit(AppTest.java:34)
at com.naveenautomationlabs.AutomationFramework.AppTest.quit(AppTest.java:34)
at com.naveenautomationlabs.AutomationFramework.AppTest.quit(AppTest.java:34)
at com.naveenautomationlabs.AutomationFramework.AppTest.quit(AppTest.java:34)
at com.naveenautomationlabs.AutomationFramework.AppTest.quit(AppTest.java:34)
at com.naveenautomationlabs.AutomationFramework.AppTest.quit(AppTest.java:34)
at com.naveenautomationlabs.AutomationFramework.AppTest.quit(AppTest.java:34)
at com.naveenautomationlabs.AutomationFramework.AppTest.quit(AppTest.java:34)
at com.naveenautomationlabs.AutomationFramework.AppTest.quit(AppTest.java:34)
at com.naveenautomationlabs.AutomationFramework.AppTest.quit(AppTest.java:34)
at com.naveenautomationlabs.AutomationFramework.AppTest.quit(AppTest.java:34)
at com.naveenautomationlabs.AutomationFramework.AppTest.quit(AppTest.java:34)
at com.naveenautomationlabs.AutomationFramework.AppTest.quit(AppTest.java:34)
at com.naveenautomationlabs.AutomationFramework.AppTest.quit(AppTest.java:34)
at com.naveenautomationlabs.AutomationFramework.AppTest.quit(AppTest.java:34)
at com.naveenautomationlabs.AutomationFramework.AppTest.quit(AppTest.java:34)
at com.naveenautomationlabs.AutomationFramework.AppTest.quit(AppTest.java:34)
at com.naveenautomationlabs.AutomationFramework.AppTest.quit(AppTest.java:34)
at com.naveenautomationlabs.AutomationFramework.AppTest.quit(AppTest.java:34)
at com.naveenautomationlabs.AutomationFramework.AppTest.quit(AppTest.java:34)
at com.naveenautomationlabs.AutomationFramework.AppTest.quit(AppTest.java:34)
at com.naveenautomationlabs.AutomationFramework.AppTest.quit(AppTest.java:34)
at com.naveenautomationlabs.AutomationFramework.AppTest.quit(AppTest.java:34)
at com.naveenautomationlabs.AutomationFramework.AppTest.quit(AppTest.java:34)
at com.naveenautomationlabs.AutomationFramework.AppTest.quit(AppTest.java:34)
at com.naveenautomationlabs.AutomationFramework.AppTest.quit(AppTest.java:34)
at com.naveenautomationlabs.AutomationFramework.AppTest.quit(AppTest.java:34)
at com.naveenautomationlabs.AutomationFramework.AppTest.quit(AppTest.java:34)
at com.naveenautomationlabs.AutomationFramework.AppTest.quit(AppTest.java:34)
at com.naveenautomationlabs.AutomationFramework.AppTest.quit(AppTest.java:34)
at com.naveenautomationlabs.AutomationFramework.AppTest.quit(AppTest.java:34)
at com.naveenautomationlabs.AutomationFramework.AppTest.quit(AppTest.java:34)
at com.naveenautomationlabs.AutomationFramework.AppTest.quit(AppTest.java:34)
at com.naveenautomationlabs.AutomationFramework.AppTest.quit(AppTest.java:34)
at com.naveenautomationlabs.AutomationFramework.AppTest.quit(AppTest.java:34)
at com.naveenautomationlabs.AutomationFramework.AppTest.quit(AppTest.java:34)
at com.naveenautomationlabs.AutomationFramework.AppTest.quit(AppTest.java:34)
at com.naveenautomationlabs.AutomationFramework.AppTest.quit(AppTest.java:34)
at com.naveenautomationlabs.AutomationFramework.AppTest.quit(AppTest.java:34)
at com.naveenautomationlabs.AutomationFramework.AppTest.quit(AppTest.java:34)
at com.naveenautomationlabs.AutomationFramework.AppTest.quit(AppTest.java:34)
at com.naveenautomationlabs.AutomationFramework.AppTest.quit(AppTest.java:34)
at com.naveenautomationlabs.AutomationFramework.AppTest.quit(AppTest.java:34)
at com.naveenautomationlabs.AutomationFramework.AppTest.quit(AppTest.java:34)
at com.naveenautomationlabs.AutomationFramework.AppTest.quit(AppTest.java:34)
at com.naveenautomationlabs.AutomationFramework.AppTest.quit(AppTest.java:34)
at com.naveenautomationlabs.AutomationFramework.AppTest.quit(AppTest.java:34)
at com.naveenautomationlabs.AutomationFramework.AppTest.quit(AppTest.java:34)
at com.naveenautomationlabs.AutomationFramework.AppTest.quit(AppTest.java:34)
at com.naveenautomationlabs.AutomationFramework.AppTest.quit(AppTest.java:34)
at com.naveenautomationlabs.AutomationFramework.AppTest.quit(AppTest.java:34)
at com.naveenautomationlabs.AutomationFramework.AppTest.quit(AppTest.java:34)
at com.naveenautomationlabs.AutomationFramework.AppTest.quit(AppTest.java:34)
at com.naveenautomationlabs.AutomationFramework.AppTest.quit(AppTest.java:34)
at com.naveenautomationlabs.AutomationFramework.AppTest.quit(AppTest.java:34)
at com.naveenautomationlabs.AutomationFramework.AppTest.quit(AppTest.java:34)
at com.naveenautomationlabs.AutomationFramework.AppTest.quit(AppTest.java:34)
at com.naveenautomationlabs.AutomationFramework.AppTest.quit(AppTest.java:34)
at com.naveenautomationlabs.AutomationFramework.AppTest.quit(AppTest.java:34)
at com.naveenautomationlabs.AutomationFramework.AppTest.quit(AppTest.java:34)
at com.naveenautomationlabs.AutomationFramework.AppTest.quit(AppTest.java:34)
at com.naveenautomationlabs.AutomationFramework.AppTest.quit(AppTest.java:34)
at com.naveenautomationlabs.AutomationFramework.AppTest.quit(AppTest.java:34)
at com.naveenautomationlabs.AutomationFramework.AppTest.quit(AppTest.java:34)
at com.naveenautomationlabs.AutomationFramework.AppTest.quit(AppTest.java:34)
at com.naveenautomationlabs.AutomationFramework.AppTest.quit(AppTest.java:34)
at com.naveenautomationlabs.AutomationFramework.AppTest.quit(AppTest.java:34)
at com.naveenautomationlabs.AutomationFramework.AppTest.quit(AppTest.java:34)
at com.naveenautomationlabs.AutomationFramework.AppTest.quit(AppTest.java:34)
at com.naveenautomationlabs.AutomationFramework.AppTest.quit(AppTest.java:34)
at com.naveenautomationlabs.AutomationFramework.AppTest.quit(AppTest.java:34)
at com.naveenautomationlabs.AutomationFramework.AppTest.quit(AppTest.java:34)
at com.naveenautomationlabs.AutomationFramework.AppTest.quit(AppTest.java:34)
at com.naveenautomationlabs.AutomationFramework.AppTest.quit(AppTest.java:34)
at com.naveenautomationlabs.AutomationFramework.AppTest.quit(AppTest.java:34)
at com.naveenautomationlabs.AutomationFramework.AppTest.quit(AppTest.java:34)
at com.naveenautomationlabs.AutomationFramework.AppTest.quit(AppTest.java:34)
at com.naveenautomationlabs.AutomationFramework.AppTest.quit(AppTest.java:34)
at com.naveenautomationlabs.AutomationFramework.AppTest.quit(AppTest.java:34)
at com.naveenautomationlabs.AutomationFramework.AppTest.quit(AppTest.java:34)
at com.naveenautomationlabs.AutomationFramework.AppTest.quit(AppTest.java:34)
at com.naveenautomationlabs.AutomationFramework.AppTest.quit(AppTest.java:34)
at com.naveenautomationlabs.AutomationFramework.AppTest.quit(AppTest.java:34)
at com.naveenautomationlabs.AutomationFramework.AppTest.quit(AppTest.java:34)
at com.naveenautomationlabs.AutomationFramework.AppTest.quit(AppTest.java:34)
at com.naveenautomationlabs.AutomationFramework.AppTest.quit(AppTest.java:34)
at com.naveenautomationlabs.AutomationFramework.AppTest.quit(AppTest.java:34)
at com.naveenautomationlabs.AutomationFramework.AppTest.quit(AppTest.java:34)
at com.naveenautomationlabs.AutomationFramework.AppTest.quit(AppTest.java:34)
at com.naveenautomationlabs.AutomationFramework.AppTest.quit(AppTest.java:34)
at com.naveenautomationlabs.AutomationFramework.AppTest.quit(AppTest.java:34)
at com.naveenautomationlabs.AutomationFramework.AppTest.quit(AppTest.java:34)
at com.naveenautomationlabs.AutomationFramework.AppTest.quit(AppTest.java:34)
at com.naveenautomationlabs.AutomationFramework.AppTest.quit(AppTest.java:34)
at com.naveenautomationlabs.AutomationFramework.AppTest.quit(AppTest.java:34)
at com.naveenautomationlabs.AutomationFramework.AppTest.quit(AppTest.java:34)
at com.naveenautomationlabs.AutomationFramework.AppTest.quit(AppTest.java:34)
at com.naveenautomationlabs.AutomationFramework.AppTest.quit(AppTest.java:34)
at com.naveenautomationlabs.AutomationFramework.AppTest.quit(AppTest.java:34)
at com.naveenautomationlabs.AutomationFramework.AppTest.quit(AppTest.java:34)
at com.naveenautomationlabs.AutomationFramework.AppTest.quit(AppTest.java:34)
at com.naveenautomationlabs.AutomationFramework.AppTest.quit(AppTest.java:34)
at com.naveenautomationlabs.AutomationFramework.AppTest.quit(AppTest.java:34)
at com.naveenautomationlabs.AutomationFramework.AppTest.quit(AppTest.java:34)
at com.naveenautomationlabs.AutomationFramework.AppTest.quit(AppTest.java:34)
at com.naveenautomationlabs.AutomationFramework.AppTest.quit(AppTest.java:34)
at com.naveenautomationlabs.AutomationFramework.AppTest.quit(AppTest.java:34)
at com.naveenautomationlabs.AutomationFramework.AppTest.quit(AppTest.java:34)
at com.naveenautomationlabs.AutomationFramework.AppTest.quit(AppTest.java:34)
at com.naveenautomationlabs.AutomationFramework.AppTest.quit(AppTest.java:34)
at com.naveenautomationlabs.AutomationFramework.AppTest.quit(AppTest.java:34)
at com.naveenautomationlabs.AutomationFramework.AppTest.quit(AppTest.java:34)
at com.naveenautomationlabs.AutomationFramework.AppTest.quit(AppTest.java:34)
at com.naveenautomationlabs.AutomationFramework.AppTest.quit(AppTest.java:34)
at com.naveenautomationlabs.AutomationFramework.AppTest.quit(AppTest.java:34)
at com.naveenautomationlabs.AutomationFramework.AppTest.quit(AppTest.java:34)
at com.naveenautomationlabs.AutomationFramework.AppTest.quit(AppTest.java:34)
at com.naveenautomationlabs.AutomationFramework.AppTest.quit(AppTest.java:34)
at com.naveenautomationlabs.AutomationFramework.AppTest.quit(AppTest.java:34)
at com.naveenautomationlabs.AutomationFramework.AppTest.quit(AppTest.java:34)
at com.naveenautomationlabs.AutomationFramework.AppTest.quit(AppTest.java:34)
at com.naveenautomationlabs.AutomationFramework.AppTest.quit(AppTest.java:34)
at com.naveenautomationlabs.AutomationFramework.AppTest.quit(AppTest.java:34)
at com.naveenautomationlabs.AutomationFramework.AppTest.quit(AppTest.java:34)
at com.naveenautomationlabs.AutomationFramework.AppTest.quit(AppTest.java:34)
at com.naveenautomationlabs.AutomationFramework.AppTest.quit(AppTest.java:34)
at com.naveenautomationlabs.AutomationFramework.AppTest.quit(AppTest.java:34)
at com.naveenautomationlabs.AutomationFramework.AppTest.quit(AppTest.java:34)
at com.naveenautomationlabs.AutomationFramework.AppTest.quit(AppTest.java:34)
at com.naveenautomationlabs.AutomationFramework.AppTest.quit(AppTest.java:34)
at com.naveenautomationlabs.AutomationFramework.AppTest.quit(AppTest.java:34)
at com.naveenautomationlabs.AutomationFramework.AppTest.quit(AppTest.java:34)
at com.naveenautomationlabs.AutomationFramework.AppTest.quit(AppTest.java:34)
at com.naveenautomationlabs.AutomationFramework.AppTest.quit(AppTest.java:34)
at com.naveenautomationlabs.AutomationFramework.AppTest.quit(AppTest.java:34)
at com.naveenautomationlabs.AutomationFramework.AppTest.quit(AppTest.java:34)
at com.naveenautomationlabs.AutomationFramework.AppTest.quit(AppTest.java:34)
at com.naveenautomationlabs.AutomationFramework.AppTest.quit(AppTest.java:34)
at com.naveenautomationlabs.AutomationFramework.AppTest.quit(AppTest.java:34)
at com.naveenautomationlabs.AutomationFramework.AppTest.quit(AppTest.java:34)
at com.naveenautomationlabs.AutomationFramework.AppTest.quit(AppTest.java:34)
at com.naveenautomationlabs.AutomationFramework.AppTest.quit(AppTest.java:34)
at com.naveenautomationlabs.AutomationFramework.AppTest.quit(AppTest.java:34)
at com.naveenautomationlabs.AutomationFramework.AppTest.quit(AppTest.java:34)
at com.naveenautomationlabs.AutomationFramework.AppTest.quit(AppTest.java:34)
at com.naveenautomationlabs.AutomationFramework.AppTest.quit(AppTest.java:34)
at com.naveenautomationlabs.AutomationFramework.AppTest.quit(AppTest.java:34)
at com.naveenautomationlabs.AutomationFramework.AppTest.quit(AppTest.java:34)
at com.naveenautomationlabs.AutomationFramework.AppTest.quit(AppTest.java:34)
]]>
    </error>
  </testcase> <!-- quit -->
</testsuite> <!-- com.naveenautomationlabs.AutomationFramework.AppTest -->
