<?xml version="1.0" encoding="UTF-8"?>
<!-- Generated by org.testng.reporters.JUnitReportReporter -->
<testsuite hostname="kamaldeep" failures="0" tests="1" name="com.naveenautomationlabs.AutomationFramework.Tests.IphoneTest" time="6.121" errors="0" timestamp="2023-07-07T22:58:28 EDT" skipped="0">
  <testcase classname="com.naveenautomationlabs.AutomationFramework.Tests.IphoneTest" name="validateProductSelected" time="6.121"/>
  <system-out/>
</testsuite> <!-- com.naveenautomationlabs.AutomationFramework.Tests.IphoneTest -->
