<?xml version="1.0" encoding="UTF-8"?>
<!-- Generated by org.testng.reporters.JUnitReportReporter -->
<testsuite hostname="kamaldeep" failures="0" tests="2" name="com.naveenautomationlabs.AutomationFramework.AppTest" time="8.449" errors="1" timestamp="2023-06-27T16:29:04 EDT" skipped="0">
  <testcase classname="com.naveenautomationlabs.AutomationFramework.AppTest" name="shouldAnswerWithTrue" time="8.435"/>
  <system-out/>
  <testcase classname="com.naveenautomationlabs.AutomationFramework.AppTest" name="quit" time="0.014">
    <error type="java.lang.StackOverflowError">
      <![CDATA[java.lang.StackOverflowError
at com.naveenautomationlabs.AutomationFramework.AppTest.quit(AppTest.java:34)
at com.naveenautomationlabs.AutomationFramework.AppTest.quit(AppTest.java:34)
at com.naveenautomationlabs.AutomationFramework.AppTest.quit(AppTest.java:34)
at com.naveenautomationlabs.AutomationFramework.AppTest.quit(AppTest.java:34)
at com.naveenautomationlabs.AutomationFramework.AppTest.quit(AppTest.java:34)
at com.naveenautomationlabs.AutomationFramework.AppTest.quit(AppTest.java:34)
at com.naveenautomationlabs.AutomationFramework.AppTest.quit(AppTest.java:34)
at com.naveenautomationlabs.AutomationFramework.AppTest.quit(AppTest.java:34)
at com.naveenautomationlabs.AutomationFramework.AppTest.quit(AppTest.java:34)
at com.naveenautomationlabs.AutomationFramework.AppTest.quit(AppTest.java:34)
at com.naveenautomationlabs.AutomationFramework.AppTest.quit(AppTest.java:34)
at com.naveenautomationlabs.AutomationFramework.AppTest.quit(AppTest.java:34)
at com.naveenautomationlabs.AutomationFramework.AppTest.quit(AppTest.java:34)
at com.naveenautomationlabs.AutomationFramework.AppTest.quit(AppTest.java:34)
at com.naveenautomationlabs.AutomationFramework.AppTest.quit(AppTest.java:34)
at com.naveenautomationlabs.AutomationFramework.AppTest.quit(AppTest.java:34)
at com.naveenautomationlabs.AutomationFramework.AppTest.quit(AppTest.java:34)
at com.naveenautomationlabs.AutomationFramework.AppTest.quit(AppTest.java:34)
at com.naveenautomationlabs.AutomationFramework.AppTest.quit(AppTest.java:34)
at com.naveenautomationlabs.AutomationFramework.AppTest.quit(AppTest.java:34)
at com.naveenautomationlabs.AutomationFramework.AppTest.quit(AppTest.java:34)
at com.naveenautomationlabs.AutomationFramework.AppTest.quit(AppTest.java:34)
at com.naveenautomationlabs.AutomationFramework.AppTest.quit(AppTest.java:34)
at com.naveenautomationlabs.AutomationFramework.AppTest.quit(AppTest.java:34)
at com.naveenautomationlabs.AutomationFramework.AppTest.quit(AppTest.java:34)
at com.naveenautomationlabs.AutomationFramework.AppTest.quit(AppTest.java:34)
at com.naveenautomationlabs.AutomationFramework.AppTest.quit(AppTest.java:34)
at com.naveenautomationlabs.AutomationFramework.AppTest.quit(AppTest.java:34)
at com.naveenautomationlabs.AutomationFramework.AppTest.quit(AppTest.java:34)
at com.naveenautomationlabs.AutomationFramework.AppTest.quit(AppTest.java:34)
at com.naveenautomationlabs.AutomationFramework.AppTest.quit(AppTest.java:34)
at com.naveenautomationlabs.AutomationFramework.AppTest.quit(AppTest.java:34)
at com.naveenautomationlabs.AutomationFramework.AppTest.quit(AppTest.java:34)
at com.naveenautomationlabs.AutomationFramework.AppTest.quit(AppTest.java:34)
at com.naveenautomationlabs.AutomationFramework.AppTest.quit(AppTest.java:34)
at com.naveenautomationlabs.AutomationFramework.AppTest.quit(AppTest.java:34)
at com.naveenautomationlabs.AutomationFramework.AppTest.quit(AppTest.java:34)
at com.naveenautomationlabs.AutomationFramework.AppTest.quit(AppTest.java:34)
at com.naveenautomationlabs.AutomationFramework.AppTest.quit(AppTest.java:34)
at com.naveenautomationlabs.AutomationFramework.AppTest.quit(AppTest.java:34)
at com.naveenautomationlabs.AutomationFramework.AppTest.quit(AppTest.java:34)
at com.naveenautomationlabs.AutomationFramework.AppTest.quit(AppTest.java:34)
at com.naveenautomationlabs.AutomationFramework.AppTest.quit(AppTest.java:34)
at com.naveenautomationlabs.AutomationFramework.AppTest.quit(AppTest.java:34)
at com.naveenautomationlabs.AutomationFramework.AppTest.quit(AppTest.java:34)
at com.naveenautomationlabs.AutomationFramework.AppTest.quit(AppTest.java:34)
at com.naveenautomationlabs.AutomationFramework.AppTest.quit(AppTest.java:34)
at com.naveenautomationlabs.AutomationFramework.AppTest.quit(AppTest.java:34)
at com.naveenautomationlabs.AutomationFramework.AppTest.quit(AppTest.java:34)
at com.naveenautomationlabs.AutomationFramework.AppTest.quit(AppTest.java:34)
at com.naveenautomationlabs.AutomationFramework.AppTest.quit(AppTest.java:34)
at com.naveenautomationlabs.AutomationFramework.AppTest.quit(AppTest.java:34)
at com.naveenautomationlabs.AutomationFramework.AppTest.quit(AppTest.java:34)
at com.naveenautomationlabs.AutomationFramework.AppTest.quit(AppTest.java:34)
at com.naveenautomationlabs.AutomationFramework.AppTest.quit(AppTest.java:34)
at com.naveenautomationlabs.AutomationFramework.AppTest.quit(AppTest.java:34)
at com.naveenautomationlabs.AutomationFramework.AppTest.quit(AppTest.java:34)
at com.naveenautomationlabs.AutomationFramework.AppTest.quit(AppTest.java:34)
at com.naveenautomationlabs.AutomationFramework.AppTest.quit(AppTest.java:34)
at com.naveenautomationlabs.AutomationFramework.AppTest.quit(AppTest.java:34)
at com.naveenautomationlabs.AutomationFramework.AppTest.quit(AppTest.java:34)
at com.naveenautomationlabs.AutomationFramework.AppTest.quit(AppTest.java:34)
at com.naveenautomationlabs.AutomationFramework.AppTest.quit(AppTest.java:34)
at com.naveenautomationlabs.AutomationFramework.AppTest.quit(AppTest.java:34)
at com.naveenautomationlabs.AutomationFramework.AppTest.quit(AppTest.java:34)
at com.naveenautomationlabs.AutomationFramework.AppTest.quit(AppTest.java:34)
at com.naveenautomationlabs.AutomationFramework.AppTest.quit(AppTest.java:34)
at com.naveenautomationlabs.AutomationFramework.AppTest.quit(AppTest.java:34)
at com.naveenautomationlabs.AutomationFramework.AppTest.quit(AppTest.java:34)
at com.naveenautomationlabs.AutomationFramework.AppTest.quit(AppTest.java:34)
at com.naveenautomationlabs.AutomationFramework.AppTest.quit(AppTest.java:34)
at com.naveenautomationlabs.AutomationFramework.AppTest.quit(AppTest.java:34)
at com.naveenautomationlabs.AutomationFramework.AppTest.quit(AppTest.java:34)
at com.naveenautomationlabs.AutomationFramework.AppTest.quit(AppTest.java:34)
at com.naveenautomationlabs.AutomationFramework.AppTest.quit(AppTest.java:34)
at com.naveenautomationlabs.AutomationFramework.AppTest.quit(AppTest.java:34)
at com.naveenautomationlabs.AutomationFramework.AppTest.quit(AppTest.java:34)
at com.naveenautomationlabs.AutomationFramework.AppTest.quit(AppTest.java:34)
at com.naveenautomationlabs.AutomationFramework.AppTest.quit(AppTest.java:34)
at com.naveenautomationlabs.AutomationFramework.AppTest.quit(AppTest.java:34)
at com.naveenautomationlabs.AutomationFramework.AppTest.quit(AppTest.java:34)
at com.naveenautomationlabs.AutomationFramework.AppTest.quit(AppTest.java:34)
at com.naveenautomationlabs.AutomationFramework.AppTest.quit(AppTest.java:34)
at com.naveenautomationlabs.AutomationFramework.AppTest.quit(AppTest.java:34)
at com.naveenautomationlabs.AutomationFramework.AppTest.quit(AppTest.java:34)
at com.naveenautomationlabs.AutomationFramework.AppTest.quit(AppTest.java:34)
at com.naveenautomationlabs.AutomationFramework.AppTest.quit(AppTest.java:34)
at com.naveenautomationlabs.AutomationFramework.AppTest.quit(AppTest.java:34)
at com.naveenautomationlabs.AutomationFramework.AppTest.quit(AppTest.java:34)
at com.naveenautomationlabs.AutomationFramework.AppTest.quit(AppTest.java:34)
at com.naveenautomationlabs.AutomationFramework.AppTest.quit(AppTest.java:34)
at com.naveenautomationlabs.AutomationFramework.AppTest.quit(AppTest.java:34)
at com.naveenautomationlabs.AutomationFramework.AppTest.quit(AppTest.java:34)
at com.naveenautomationlabs.AutomationFramework.AppTest.quit(AppTest.java:34)
at com.naveenautomationlabs.AutomationFramework.AppTest.quit(AppTest.java:34)
at com.naveenautomationlabs.AutomationFramework.AppTest.quit(AppTest.java:34)
at com.naveenautomationlabs.AutomationFramework.AppTest.quit(AppTest.java:34)
at com.naveenautomationlabs.AutomationFramework.AppTest.quit(AppTest.java:34)
at com.naveenautomationlabs.AutomationFramework.AppTest.quit(AppTest.java:34)
at com.naveenautomationlabs.AutomationFramework.AppTest.quit(AppTest.java:34)
at com.naveenautomationlabs.AutomationFramework.AppTest.quit(AppTest.java:34)
at com.naveenautomationlabs.AutomationFramework.AppTest.quit(AppTest.java:34)
at com.naveenautomationlabs.AutomationFramework.AppTest.quit(AppTest.java:34)
at com.naveenautomationlabs.AutomationFramework.AppTest.quit(AppTest.java:34)
at com.naveenautomationlabs.AutomationFramework.AppTest.quit(AppTest.java:34)
at com.naveenautomationlabs.AutomationFramework.AppTest.quit(AppTest.java:34)
at com.naveenautomationlabs.AutomationFramework.AppTest.quit(AppTest.java:34)
at com.naveenautomationlabs.AutomationFramework.AppTest.quit(AppTest.java:34)
at com.naveenautomationlabs.AutomationFramework.AppTest.quit(AppTest.java:34)
at com.naveenautomationlabs.AutomationFramework.AppTest.quit(AppTest.java:34)
at com.naveenautomationlabs.AutomationFramework.AppTest.quit(AppTest.java:34)
at com.naveenautomationlabs.AutomationFramework.AppTest.quit(AppTest.java:34)
at com.naveenautomationlabs.AutomationFramework.AppTest.quit(AppTest.java:34)
at com.naveenautomationlabs.AutomationFramework.AppTest.quit(AppTest.java:34)
at com.naveenautomationlabs.AutomationFramework.AppTest.quit(AppTest.java:34)
at com.naveenautomationlabs.AutomationFramework.AppTest.quit(AppTest.java:34)
at com.naveenautomationlabs.AutomationFramework.AppTest.quit(AppTest.java:34)
at com.naveenautomationlabs.AutomationFramework.AppTest.quit(AppTest.java:34)
at com.naveenautomationlabs.AutomationFramework.AppTest.quit(AppTest.java:34)
at com.naveenautomationlabs.AutomationFramework.AppTest.quit(AppTest.java:34)
at com.naveenautomationlabs.AutomationFramework.AppTest.quit(AppTest.java:34)
at com.naveenautomationlabs.AutomationFramework.AppTest.quit(AppTest.java:34)
at com.naveenautomationlabs.AutomationFramework.AppTest.quit(AppTest.java:34)
at com.naveenautomationlabs.AutomationFramework.AppTest.quit(AppTest.java:34)
at com.naveenautomationlabs.AutomationFramework.AppTest.quit(AppTest.java:34)
at com.naveenautomationlabs.AutomationFramework.AppTest.quit(AppTest.java:34)
at com.naveenautomationlabs.AutomationFramework.AppTest.quit(AppTest.java:34)
at com.naveenautomationlabs.AutomationFramework.AppTest.quit(AppTest.java:34)
at com.naveenautomationlabs.AutomationFramework.AppTest.quit(AppTest.java:34)
at com.naveenautomationlabs.AutomationFramework.AppTest.quit(AppTest.java:34)
at com.naveenautomationlabs.AutomationFramework.AppTest.quit(AppTest.java:34)
at com.naveenautomationlabs.AutomationFramework.AppTest.quit(AppTest.java:34)
at com.naveenautomationlabs.AutomationFramework.AppTest.quit(AppTest.java:34)
at com.naveenautomationlabs.AutomationFramework.AppTest.quit(AppTest.java:34)
at com.naveenautomationlabs.AutomationFramework.AppTest.quit(AppTest.java:34)
at com.naveenautomationlabs.AutomationFramework.AppTest.quit(AppTest.java:34)
at com.naveenautomationlabs.AutomationFramework.AppTest.quit(AppTest.java:34)
at com.naveenautomationlabs.AutomationFramework.AppTest.quit(AppTest.java:34)
at com.naveenautomationlabs.AutomationFramework.AppTest.quit(AppTest.java:34)
at com.naveenautomationlabs.AutomationFramework.AppTest.quit(AppTest.java:34)
at com.naveenautomationlabs.AutomationFramework.AppTest.quit(AppTest.java:34)
at com.naveenautomationlabs.AutomationFramework.AppTest.quit(AppTest.java:34)
at com.naveenautomationlabs.AutomationFramework.AppTest.quit(AppTest.java:34)
at com.naveenautomationlabs.AutomationFramework.AppTest.quit(AppTest.java:34)
at com.naveenautomationlabs.AutomationFramework.AppTest.quit(AppTest.java:34)
at com.naveenautomationlabs.AutomationFramework.AppTest.quit(AppTest.java:34)
at com.naveenautomationlabs.AutomationFramework.AppTest.quit(AppTest.java:34)
at com.naveenautomationlabs.AutomationFramework.AppTest.quit(AppTest.java:34)
at com.naveenautomationlabs.AutomationFramework.AppTest.quit(AppTest.java:34)
at com.naveenautomationlabs.AutomationFramework.AppTest.quit(AppTest.java:34)
at com.naveenautomationlabs.AutomationFramework.AppTest.quit(AppTest.java:34)
at com.naveenautomationlabs.AutomationFramework.AppTest.quit(AppTest.java:34)
at com.naveenautomationlabs.AutomationFramework.AppTest.quit(AppTest.java:34)
at com.naveenautomationlabs.AutomationFramework.AppTest.quit(AppTest.java:34)
at com.naveenautomationlabs.AutomationFramework.AppTest.quit(AppTest.java:34)
at com.naveenautomationlabs.AutomationFramework.AppTest.quit(AppTest.java:34)
at com.naveenautomationlabs.AutomationFramework.AppTest.quit(AppTest.java:34)
at com.naveenautomationlabs.AutomationFramework.AppTest.quit(AppTest.java:34)
at com.naveenautomationlabs.AutomationFramework.AppTest.quit(AppTest.java:34)
at com.naveenautomationlabs.AutomationFramework.AppTest.quit(AppTest.java:34)
at com.naveenautomationlabs.AutomationFramework.AppTest.quit(AppTest.java:34)
at com.naveenautomationlabs.AutomationFramework.AppTest.quit(AppTest.java:34)
at com.naveenautomationlabs.AutomationFramework.AppTest.quit(AppTest.java:34)
at com.naveenautomationlabs.AutomationFramework.AppTest.quit(AppTest.java:34)
at com.naveenautomationlabs.AutomationFramework.AppTest.quit(AppTest.java:34)
at com.naveenautomationlabs.AutomationFramework.AppTest.quit(AppTest.java:34)
at com.naveenautomationlabs.AutomationFramework.AppTest.quit(AppTest.java:34)
at com.naveenautomationlabs.AutomationFramework.AppTest.quit(AppTest.java:34)
at com.naveenautomationlabs.AutomationFramework.AppTest.quit(AppTest.java:34)
at com.naveenautomationlabs.AutomationFramework.AppTest.quit(AppTest.java:34)
at com.naveenautomationlabs.AutomationFramework.AppTest.quit(AppTest.java:34)
at com.naveenautomationlabs.AutomationFramework.AppTest.quit(AppTest.java:34)
at com.naveenautomationlabs.AutomationFramework.AppTest.quit(AppTest.java:34)
at com.naveenautomationlabs.AutomationFramework.AppTest.quit(AppTest.java:34)
at com.naveenautomationlabs.AutomationFramework.AppTest.quit(AppTest.java:34)
at com.naveenautomationlabs.AutomationFramework.AppTest.quit(AppTest.java:34)
at com.naveenautomationlabs.AutomationFramework.AppTest.quit(AppTest.java:34)
at com.naveenautomationlabs.AutomationFramework.AppTest.quit(AppTest.java:34)
at com.naveenautomationlabs.AutomationFramework.AppTest.quit(AppTest.java:34)
at com.naveenautomationlabs.AutomationFramework.AppTest.quit(AppTest.java:34)
at com.naveenautomationlabs.AutomationFramework.AppTest.quit(AppTest.java:34)
at com.naveenautomationlabs.AutomationFramework.AppTest.quit(AppTest.java:34)
at com.naveenautomationlabs.AutomationFramework.AppTest.quit(AppTest.java:34)
at com.naveenautomationlabs.AutomationFramework.AppTest.quit(AppTest.java:34)
at com.naveenautomationlabs.AutomationFramework.AppTest.quit(AppTest.java:34)
at com.naveenautomationlabs.AutomationFramework.AppTest.quit(AppTest.java:34)
at com.naveenautomationlabs.AutomationFramework.AppTest.quit(AppTest.java:34)
at com.naveenautomationlabs.AutomationFramework.AppTest.quit(AppTest.java:34)
at com.naveenautomationlabs.AutomationFramework.AppTest.quit(AppTest.java:34)
at com.naveenautomationlabs.AutomationFramework.AppTest.quit(AppTest.java:34)
at com.naveenautomationlabs.AutomationFramework.AppTest.quit(AppTest.java:34)
at com.naveenautomationlabs.AutomationFramework.AppTest.quit(AppTest.java:34)
at com.naveenautomationlabs.AutomationFramework.AppTest.quit(AppTest.java:34)
at com.naveenautomationlabs.AutomationFramework.AppTest.quit(AppTest.java:34)
at com.naveenautomationlabs.AutomationFramework.AppTest.quit(AppTest.java:34)
at com.naveenautomationlabs.AutomationFramework.AppTest.quit(AppTest.java:34)
at com.naveenautomationlabs.AutomationFramework.AppTest.quit(AppTest.java:34)
at com.naveenautomationlabs.AutomationFramework.AppTest.quit(AppTest.java:34)
at com.naveenautomationlabs.AutomationFramework.AppTest.quit(AppTest.java:34)
at com.naveenautomationlabs.AutomationFramework.AppTest.quit(AppTest.java:34)
at com.naveenautomationlabs.AutomationFramework.AppTest.quit(AppTest.java:34)
at com.naveenautomationlabs.AutomationFramework.AppTest.quit(AppTest.java:34)
at com.naveenautomationlabs.AutomationFramework.AppTest.quit(AppTest.java:34)
at com.naveenautomationlabs.AutomationFramework.AppTest.quit(AppTest.java:34)
at com.naveenautomationlabs.AutomationFramework.AppTest.quit(AppTest.java:34)
at com.naveenautomationlabs.AutomationFramework.AppTest.quit(AppTest.java:34)
at com.naveenautomationlabs.AutomationFramework.AppTest.quit(AppTest.java:34)
at com.naveenautomationlabs.AutomationFramework.AppTest.quit(AppTest.java:34)
at com.naveenautomationlabs.AutomationFramework.AppTest.quit(AppTest.java:34)
at com.naveenautomationlabs.AutomationFramework.AppTest.quit(AppTest.java:34)
at com.naveenautomationlabs.AutomationFramework.AppTest.quit(AppTest.java:34)
at com.naveenautomationlabs.AutomationFramework.AppTest.quit(AppTest.java:34)
at com.naveenautomationlabs.AutomationFramework.AppTest.quit(AppTest.java:34)
at com.naveenautomationlabs.AutomationFramework.AppTest.quit(AppTest.java:34)
at com.naveenautomationlabs.AutomationFramework.AppTest.quit(AppTest.java:34)
at com.naveenautomationlabs.AutomationFramework.AppTest.quit(AppTest.java:34)
at com.naveenautomationlabs.AutomationFramework.AppTest.quit(AppTest.java:34)
at com.naveenautomationlabs.AutomationFramework.AppTest.quit(AppTest.java:34)
at com.naveenautomationlabs.AutomationFramework.AppTest.quit(AppTest.java:34)
at com.naveenautomationlabs.AutomationFramework.AppTest.quit(AppTest.java:34)
at com.naveenautomationlabs.AutomationFramework.AppTest.quit(AppTest.java:34)
at com.naveenautomationlabs.AutomationFramework.AppTest.quit(AppTest.java:34)
at com.naveenautomationlabs.AutomationFramework.AppTest.quit(AppTest.java:34)
at com.naveenautomationlabs.AutomationFramework.AppTest.quit(AppTest.java:34)
at com.naveenautomationlabs.AutomationFramework.AppTest.quit(AppTest.java:34)
at com.naveenautomationlabs.AutomationFramework.AppTest.quit(AppTest.java:34)
at com.naveenautomationlabs.AutomationFramework.AppTest.quit(AppTest.java:34)
at com.naveenautomationlabs.AutomationFramework.AppTest.quit(AppTest.java:34)
at com.naveenautomationlabs.AutomationFramework.AppTest.quit(AppTest.java:34)
at com.naveenautomationlabs.AutomationFramework.AppTest.quit(AppTest.java:34)
at com.naveenautomationlabs.AutomationFramework.AppTest.quit(AppTest.java:34)
at com.naveenautomationlabs.AutomationFramework.AppTest.quit(AppTest.java:34)
at com.naveenautomationlabs.AutomationFramework.AppTest.quit(AppTest.java:34)
at com.naveenautomationlabs.AutomationFramework.AppTest.quit(AppTest.java:34)
at com.naveenautomationlabs.AutomationFramework.AppTest.quit(AppTest.java:34)
at com.naveenautomationlabs.AutomationFramework.AppTest.quit(AppTest.java:34)
at com.naveenautomationlabs.AutomationFramework.AppTest.quit(AppTest.java:34)
at com.naveenautomationlabs.AutomationFramework.AppTest.quit(AppTest.java:34)
at com.naveenautomationlabs.AutomationFramework.AppTest.quit(AppTest.java:34)
at com.naveenautomationlabs.AutomationFramework.AppTest.quit(AppTest.java:34)
at com.naveenautomationlabs.AutomationFramework.AppTest.quit(AppTest.java:34)
at com.naveenautomationlabs.AutomationFramework.AppTest.quit(AppTest.java:34)
at com.naveenautomationlabs.AutomationFramework.AppTest.quit(AppTest.java:34)
at com.naveenautomationlabs.AutomationFramework.AppTest.quit(AppTest.java:34)
at com.naveenautomationlabs.AutomationFramework.AppTest.quit(AppTest.java:34)
at com.naveenautomationlabs.AutomationFramework.AppTest.quit(AppTest.java:34)
at com.naveenautomationlabs.AutomationFramework.AppTest.quit(AppTest.java:34)
at com.naveenautomationlabs.AutomationFramework.AppTest.quit(AppTest.java:34)
at com.naveenautomationlabs.AutomationFramework.AppTest.quit(AppTest.java:34)
at com.naveenautomationlabs.AutomationFramework.AppTest.quit(AppTest.java:34)
at com.naveenautomationlabs.AutomationFramework.AppTest.quit(AppTest.java:34)
at com.naveenautomationlabs.AutomationFramework.AppTest.quit(AppTest.java:34)
at com.naveenautomationlabs.AutomationFramework.AppTest.quit(AppTest.java:34)
at com.naveenautomationlabs.AutomationFramework.AppTest.quit(AppTest.java:34)
at com.naveenautomationlabs.AutomationFramework.AppTest.quit(AppTest.java:34)
at com.naveenautomationlabs.AutomationFramework.AppTest.quit(AppTest.java:34)
at com.naveenautomationlabs.AutomationFramework.AppTest.quit(AppTest.java:34)
at com.naveenautomationlabs.AutomationFramework.AppTest.quit(AppTest.java:34)
at com.naveenautomationlabs.AutomationFramework.AppTest.quit(AppTest.java:34)
at com.naveenautomationlabs.AutomationFramework.AppTest.quit(AppTest.java:34)
at com.naveenautomationlabs.AutomationFramework.AppTest.quit(AppTest.java:34)
at com.naveenautomationlabs.AutomationFramework.AppTest.quit(AppTest.java:34)
at com.naveenautomationlabs.AutomationFramework.AppTest.quit(AppTest.java:34)
at com.naveenautomationlabs.AutomationFramework.AppTest.quit(AppTest.java:34)
at com.naveenautomationlabs.AutomationFramework.AppTest.quit(AppTest.java:34)
at com.naveenautomationlabs.AutomationFramework.AppTest.quit(AppTest.java:34)
at com.naveenautomationlabs.AutomationFramework.AppTest.quit(AppTest.java:34)
at com.naveenautomationlabs.AutomationFramework.AppTest.quit(AppTest.java:34)
at com.naveenautomationlabs.AutomationFramework.AppTest.quit(AppTest.java:34)
at com.naveenautomationlabs.AutomationFramework.AppTest.quit(AppTest.java:34)
at com.naveenautomationlabs.AutomationFramework.AppTest.quit(AppTest.java:34)
at com.naveenautomationlabs.AutomationFramework.AppTest.quit(AppTest.java:34)
at com.naveenautomationlabs.AutomationFramework.AppTest.quit(AppTest.java:34)
at com.naveenautomationlabs.AutomationFramework.AppTest.quit(AppTest.java:34)
at com.naveenautomationlabs.AutomationFramework.AppTest.quit(AppTest.java:34)
at com.naveenautomationlabs.AutomationFramework.AppTest.quit(AppTest.java:34)
at com.naveenautomationlabs.AutomationFramework.AppTest.quit(AppTest.java:34)
at com.naveenautomationlabs.AutomationFramework.AppTest.quit(AppTest.java:34)
at com.naveenautomationlabs.AutomationFramework.AppTest.quit(AppTest.java:34)
at com.naveenautomationlabs.AutomationFramework.AppTest.quit(AppTest.java:34)
at com.naveenautomationlabs.AutomationFramework.AppTest.quit(AppTest.java:34)
at com.naveenautomationlabs.AutomationFramework.AppTest.quit(AppTest.java:34)
at com.naveenautomationlabs.AutomationFramework.AppTest.quit(AppTest.java:34)
at com.naveenautomationlabs.AutomationFramework.AppTest.quit(AppTest.java:34)
at com.naveenautomationlabs.AutomationFramework.AppTest.quit(AppTest.java:34)
at com.naveenautomationlabs.AutomationFramework.AppTest.quit(AppTest.java:34)
at com.naveenautomationlabs.AutomationFramework.AppTest.quit(AppTest.java:34)
at com.naveenautomationlabs.AutomationFramework.AppTest.quit(AppTest.java:34)
at com.naveenautomationlabs.AutomationFramework.AppTest.quit(AppTest.java:34)
at com.naveenautomationlabs.AutomationFramework.AppTest.quit(AppTest.java:34)
at com.naveenautomationlabs.AutomationFramework.AppTest.quit(AppTest.java:34)
at com.naveenautomationlabs.AutomationFramework.AppTest.quit(AppTest.java:34)
at com.naveenautomationlabs.AutomationFramework.AppTest.quit(AppTest.java:34)
at com.naveenautomationlabs.AutomationFramework.AppTest.quit(AppTest.java:34)
at com.naveenautomationlabs.AutomationFramework.AppTest.quit(AppTest.java:34)
at com.naveenautomationlabs.AutomationFramework.AppTest.quit(AppTest.java:34)
at com.naveenautomationlabs.AutomationFramework.AppTest.quit(AppTest.java:34)
at com.naveenautomationlabs.AutomationFramework.AppTest.quit(AppTest.java:34)
at com.naveenautomationlabs.AutomationFramework.AppTest.quit(AppTest.java:34)
at com.naveenautomationlabs.AutomationFramework.AppTest.quit(AppTest.java:34)
at com.naveenautomationlabs.AutomationFramework.AppTest.quit(AppTest.java:34)
at com.naveenautomationlabs.AutomationFramework.AppTest.quit(AppTest.java:34)
at com.naveenautomationlabs.AutomationFramework.AppTest.quit(AppTest.java:34)
at com.naveenautomationlabs.AutomationFramework.AppTest.quit(AppTest.java:34)
at com.naveenautomationlabs.AutomationFramework.AppTest.quit(AppTest.java:34)
at com.naveenautomationlabs.AutomationFramework.AppTest.quit(AppTest.java:34)
at com.naveenautomationlabs.AutomationFramework.AppTest.quit(AppTest.java:34)
at com.naveenautomationlabs.AutomationFramework.AppTest.quit(AppTest.java:34)
at com.naveenautomationlabs.AutomationFramework.AppTest.quit(AppTest.java:34)
at com.naveenautomationlabs.AutomationFramework.AppTest.quit(AppTest.java:34)
at com.naveenautomationlabs.AutomationFramework.AppTest.quit(AppTest.java:34)
at com.naveenautomationlabs.AutomationFramework.AppTest.quit(AppTest.java:34)
at com.naveenautomationlabs.AutomationFramework.AppTest.quit(AppTest.java:34)
at com.naveenautomationlabs.AutomationFramework.AppTest.quit(AppTest.java:34)
at com.naveenautomationlabs.AutomationFramework.AppTest.quit(AppTest.java:34)
at com.naveenautomationlabs.AutomationFramework.AppTest.quit(AppTest.java:34)
at com.naveenautomationlabs.AutomationFramework.AppTest.quit(AppTest.java:34)
at com.naveenautomationlabs.AutomationFramework.AppTest.quit(AppTest.java:34)
at com.naveenautomationlabs.AutomationFramework.AppTest.quit(AppTest.java:34)
at com.naveenautomationlabs.AutomationFramework.AppTest.quit(AppTest.java:34)
at com.naveenautomationlabs.AutomationFramework.AppTest.quit(AppTest.java:34)
at com.naveenautomationlabs.AutomationFramework.AppTest.quit(AppTest.java:34)
at com.naveenautomationlabs.AutomationFramework.AppTest.quit(AppTest.java:34)
at com.naveenautomationlabs.AutomationFramework.AppTest.quit(AppTest.java:34)
at com.naveenautomationlabs.AutomationFramework.AppTest.quit(AppTest.java:34)
at com.naveenautomationlabs.AutomationFramework.AppTest.quit(AppTest.java:34)
at com.naveenautomationlabs.AutomationFramework.AppTest.quit(AppTest.java:34)
at com.naveenautomationlabs.AutomationFramework.AppTest.quit(AppTest.java:34)
at com.naveenautomationlabs.AutomationFramework.AppTest.quit(AppTest.java:34)
at com.naveenautomationlabs.AutomationFramework.AppTest.quit(AppTest.java:34)
at com.naveenautomationlabs.AutomationFramework.AppTest.quit(AppTest.java:34)
at com.naveenautomationlabs.AutomationFramework.AppTest.quit(AppTest.java:34)
at com.naveenautomationlabs.AutomationFramework.AppTest.quit(AppTest.java:34)
at com.naveenautomationlabs.AutomationFramework.AppTest.quit(AppTest.java:34)
at com.naveenautomationlabs.AutomationFramework.AppTest.quit(AppTest.java:34)
at com.naveenautomationlabs.AutomationFramework.AppTest.quit(AppTest.java:34)
at com.naveenautomationlabs.AutomationFramework.AppTest.quit(AppTest.java:34)
at com.naveenautomationlabs.AutomationFramework.AppTest.quit(AppTest.java:34)
at com.naveenautomationlabs.AutomationFramework.AppTest.quit(AppTest.java:34)
at com.naveenautomationlabs.AutomationFramework.AppTest.quit(AppTest.java:34)
at com.naveenautomationlabs.AutomationFramework.AppTest.quit(AppTest.java:34)
at com.naveenautomationlabs.AutomationFramework.AppTest.quit(AppTest.java:34)
at com.naveenautomationlabs.AutomationFramework.AppTest.quit(AppTest.java:34)
at com.naveenautomationlabs.AutomationFramework.AppTest.quit(AppTest.java:34)
at com.naveenautomationlabs.AutomationFramework.AppTest.quit(AppTest.java:34)
at com.naveenautomationlabs.AutomationFramework.AppTest.quit(AppTest.java:34)
at com.naveenautomationlabs.AutomationFramework.AppTest.quit(AppTest.java:34)
at com.naveenautomationlabs.AutomationFramework.AppTest.quit(AppTest.java:34)
at com.naveenautomationlabs.AutomationFramework.AppTest.quit(AppTest.java:34)
at com.naveenautomationlabs.AutomationFramework.AppTest.quit(AppTest.java:34)
at com.naveenautomationlabs.AutomationFramework.AppTest.quit(AppTest.java:34)
at com.naveenautomationlabs.AutomationFramework.AppTest.quit(AppTest.java:34)
at com.naveenautomationlabs.AutomationFramework.AppTest.quit(AppTest.java:34)
at com.naveenautomationlabs.AutomationFramework.AppTest.quit(AppTest.java:34)
at com.naveenautomationlabs.AutomationFramework.AppTest.quit(AppTest.java:34)
at com.naveenautomationlabs.AutomationFramework.AppTest.quit(AppTest.java:34)
at com.naveenautomationlabs.AutomationFramework.AppTest.quit(AppTest.java:34)
at com.naveenautomationlabs.AutomationFramework.AppTest.quit(AppTest.java:34)
at com.naveenautomationlabs.AutomationFramework.AppTest.quit(AppTest.java:34)
at com.naveenautomationlabs.AutomationFramework.AppTest.quit(AppTest.java:34)
at com.naveenautomationlabs.AutomationFramework.AppTest.quit(AppTest.java:34)
at com.naveenautomationlabs.AutomationFramework.AppTest.quit(AppTest.java:34)
at com.naveenautomationlabs.AutomationFramework.AppTest.quit(AppTest.java:34)
at com.naveenautomationlabs.AutomationFramework.AppTest.quit(AppTest.java:34)
at com.naveenautomationlabs.AutomationFramework.AppTest.quit(AppTest.java:34)
at com.naveenautomationlabs.AutomationFramework.AppTest.quit(AppTest.java:34)
at com.naveenautomationlabs.AutomationFramework.AppTest.quit(AppTest.java:34)
at com.naveenautomationlabs.AutomationFramework.AppTest.quit(AppTest.java:34)
at com.naveenautomationlabs.AutomationFramework.AppTest.quit(AppTest.java:34)
at com.naveenautomationlabs.AutomationFramework.AppTest.quit(AppTest.java:34)
at com.naveenautomationlabs.AutomationFramework.AppTest.quit(AppTest.java:34)
at com.naveenautomationlabs.AutomationFramework.AppTest.quit(AppTest.java:34)
at com.naveenautomationlabs.AutomationFramework.AppTest.quit(AppTest.java:34)
at com.naveenautomationlabs.AutomationFramework.AppTest.quit(AppTest.java:34)
at com.naveenautomationlabs.AutomationFramework.AppTest.quit(AppTest.java:34)
at com.naveenautomationlabs.AutomationFramework.AppTest.quit(AppTest.java:34)
at com.naveenautomationlabs.AutomationFramework.AppTest.quit(AppTest.java:34)
at com.naveenautomationlabs.AutomationFramework.AppTest.quit(AppTest.java:34)
at com.naveenautomationlabs.AutomationFramework.AppTest.quit(AppTest.java:34)
at com.naveenautomationlabs.AutomationFramework.AppTest.quit(AppTest.java:34)
at com.naveenautomationlabs.AutomationFramework.AppTest.quit(AppTest.java:34)
at com.naveenautomationlabs.AutomationFramework.AppTest.quit(AppTest.java:34)
at com.naveenautomationlabs.AutomationFramework.AppTest.quit(AppTest.java:34)
at com.naveenautomationlabs.AutomationFramework.AppTest.quit(AppTest.java:34)
at com.naveenautomationlabs.AutomationFramework.AppTest.quit(AppTest.java:34)
at com.naveenautomationlabs.AutomationFramework.AppTest.quit(AppTest.java:34)
at com.naveenautomationlabs.AutomationFramework.AppTest.quit(AppTest.java:34)
at com.naveenautomationlabs.AutomationFramework.AppTest.quit(AppTest.java:34)
at com.naveenautomationlabs.AutomationFramework.AppTest.quit(AppTest.java:34)
at com.naveenautomationlabs.AutomationFramework.AppTest.quit(AppTest.java:34)
at com.naveenautomationlabs.AutomationFramework.AppTest.quit(AppTest.java:34)
at com.naveenautomationlabs.AutomationFramework.AppTest.quit(AppTest.java:34)
at com.naveenautomationlabs.AutomationFramework.AppTest.quit(AppTest.java:34)
at com.naveenautomationlabs.AutomationFramework.AppTest.quit(AppTest.java:34)
at com.naveenautomationlabs.AutomationFramework.AppTest.quit(AppTest.java:34)
at com.naveenautomationlabs.AutomationFramework.AppTest.quit(AppTest.java:34)
at com.naveenautomationlabs.AutomationFramework.AppTest.quit(AppTest.java:34)
at com.naveenautomationlabs.AutomationFramework.AppTest.quit(AppTest.java:34)
at com.naveenautomationlabs.AutomationFramework.AppTest.quit(AppTest.java:34)
at com.naveenautomationlabs.AutomationFramework.AppTest.quit(AppTest.java:34)
at com.naveenautomationlabs.AutomationFramework.AppTest.quit(AppTest.java:34)
at com.naveenautomationlabs.AutomationFramework.AppTest.quit(AppTest.java:34)
at com.naveenautomationlabs.AutomationFramework.AppTest.quit(AppTest.java:34)
at com.naveenautomationlabs.AutomationFramework.AppTest.quit(AppTest.java:34)
at com.naveenautomationlabs.AutomationFramework.AppTest.quit(AppTest.java:34)
at com.naveenautomationlabs.AutomationFramework.AppTest.quit(AppTest.java:34)
at com.naveenautomationlabs.AutomationFramework.AppTest.quit(AppTest.java:34)
at com.naveenautomationlabs.AutomationFramework.AppTest.quit(AppTest.java:34)
at com.naveenautomationlabs.AutomationFramework.AppTest.quit(AppTest.java:34)
at com.naveenautomationlabs.AutomationFramework.AppTest.quit(AppTest.java:34)
at com.naveenautomationlabs.AutomationFramework.AppTest.quit(AppTest.java:34)
at com.naveenautomationlabs.AutomationFramework.AppTest.quit(AppTest.java:34)
at com.naveenautomationlabs.AutomationFramework.AppTest.quit(AppTest.java:34)
at com.naveenautomationlabs.AutomationFramework.AppTest.quit(AppTest.java:34)
at com.naveenautomationlabs.AutomationFramework.AppTest.quit(AppTest.java:34)
at com.naveenautomationlabs.AutomationFramework.AppTest.quit(AppTest.java:34)
at com.naveenautomationlabs.AutomationFramework.AppTest.quit(AppTest.java:34)
at com.naveenautomationlabs.AutomationFramework.AppTest.quit(AppTest.java:34)
at com.naveenautomationlabs.AutomationFramework.AppTest.quit(AppTest.java:34)
at com.naveenautomationlabs.AutomationFramework.AppTest.quit(AppTest.java:34)
at com.naveenautomationlabs.AutomationFramework.AppTest.quit(AppTest.java:34)
at com.naveenautomationlabs.AutomationFramework.AppTest.quit(AppTest.java:34)
at com.naveenautomationlabs.AutomationFramework.AppTest.quit(AppTest.java:34)
at com.naveenautomationlabs.AutomationFramework.AppTest.quit(AppTest.java:34)
at com.naveenautomationlabs.AutomationFramework.AppTest.quit(AppTest.java:34)
at com.naveenautomationlabs.AutomationFramework.AppTest.quit(AppTest.java:34)
at com.naveenautomationlabs.AutomationFramework.AppTest.quit(AppTest.java:34)
at com.naveenautomationlabs.AutomationFramework.AppTest.quit(AppTest.java:34)
at com.naveenautomationlabs.AutomationFramework.AppTest.quit(AppTest.java:34)
at com.naveenautomationlabs.AutomationFramework.AppTest.quit(AppTest.java:34)
at com.naveenautomationlabs.AutomationFramework.AppTest.quit(AppTest.java:34)
at com.naveenautomationlabs.AutomationFramework.AppTest.quit(AppTest.java:34)
at com.naveenautomationlabs.AutomationFramework.AppTest.quit(AppTest.java:34)
at com.naveenautomationlabs.AutomationFramework.AppTest.quit(AppTest.java:34)
at com.naveenautomationlabs.AutomationFramework.AppTest.quit(AppTest.java:34)
at com.naveenautomationlabs.AutomationFramework.AppTest.quit(AppTest.java:34)
at com.naveenautomationlabs.AutomationFramework.AppTest.quit(AppTest.java:34)
at com.naveenautomationlabs.AutomationFramework.AppTest.quit(AppTest.java:34)
at com.naveenautomationlabs.AutomationFramework.AppTest.quit(AppTest.java:34)
at com.naveenautomationlabs.AutomationFramework.AppTest.quit(AppTest.java:34)
at com.naveenautomationlabs.AutomationFramework.AppTest.quit(AppTest.java:34)
at com.naveenautomationlabs.AutomationFramework.AppTest.quit(AppTest.java:34)
at com.naveenautomationlabs.AutomationFramework.AppTest.quit(AppTest.java:34)
at com.naveenautomationlabs.AutomationFramework.AppTest.quit(AppTest.java:34)
at com.naveenautomationlabs.AutomationFramework.AppTest.quit(AppTest.java:34)
at com.naveenautomationlabs.AutomationFramework.AppTest.quit(AppTest.java:34)
at com.naveenautomationlabs.AutomationFramework.AppTest.quit(AppTest.java:34)
at com.naveenautomationlabs.AutomationFramework.AppTest.quit(AppTest.java:34)
at com.naveenautomationlabs.AutomationFramework.AppTest.quit(AppTest.java:34)
at com.naveenautomationlabs.AutomationFramework.AppTest.quit(AppTest.java:34)
at com.naveenautomationlabs.AutomationFramework.AppTest.quit(AppTest.java:34)
at com.naveenautomationlabs.AutomationFramework.AppTest.quit(AppTest.java:34)
at com.naveenautomationlabs.AutomationFramework.AppTest.quit(AppTest.java:34)
at com.naveenautomationlabs.AutomationFramework.AppTest.quit(AppTest.java:34)
at com.naveenautomationlabs.AutomationFramework.AppTest.quit(AppTest.java:34)
at com.naveenautomationlabs.AutomationFramework.AppTest.quit(AppTest.java:34)
at com.naveenautomationlabs.AutomationFramework.AppTest.quit(AppTest.java:34)
at com.naveenautomationlabs.AutomationFramework.AppTest.quit(AppTest.java:34)
at com.naveenautomationlabs.AutomationFramework.AppTest.quit(AppTest.java:34)
at com.naveenautomationlabs.AutomationFramework.AppTest.quit(AppTest.java:34)
at com.naveenautomationlabs.AutomationFramework.AppTest.quit(AppTest.java:34)
at com.naveenautomationlabs.AutomationFramework.AppTest.quit(AppTest.java:34)
at com.naveenautomationlabs.AutomationFramework.AppTest.quit(AppTest.java:34)
at com.naveenautomationlabs.AutomationFramework.AppTest.quit(AppTest.java:34)
at com.naveenautomationlabs.AutomationFramework.AppTest.quit(AppTest.java:34)
at com.naveenautomationlabs.AutomationFramework.AppTest.quit(AppTest.java:34)
at com.naveenautomationlabs.AutomationFramework.AppTest.quit(AppTest.java:34)
at com.naveenautomationlabs.AutomationFramework.AppTest.quit(AppTest.java:34)
at com.naveenautomationlabs.AutomationFramework.AppTest.quit(AppTest.java:34)
at com.naveenautomationlabs.AutomationFramework.AppTest.quit(AppTest.java:34)
at com.naveenautomationlabs.AutomationFramework.AppTest.quit(AppTest.java:34)
at com.naveenautomationlabs.AutomationFramework.AppTest.quit(AppTest.java:34)
at com.naveenautomationlabs.AutomationFramework.AppTest.quit(AppTest.java:34)
at com.naveenautomationlabs.AutomationFramework.AppTest.quit(AppTest.java:34)
at com.naveenautomationlabs.AutomationFramework.AppTest.quit(AppTest.java:34)
at com.naveenautomationlabs.AutomationFramework.AppTest.quit(AppTest.java:34)
at com.naveenautomationlabs.AutomationFramework.AppTest.quit(AppTest.java:34)
at com.naveenautomationlabs.AutomationFramework.AppTest.quit(AppTest.java:34)
at com.naveenautomationlabs.AutomationFramework.AppTest.quit(AppTest.java:34)
at com.naveenautomationlabs.AutomationFramework.AppTest.quit(AppTest.java:34)
at com.naveenautomationlabs.AutomationFramework.AppTest.quit(AppTest.java:34)
at com.naveenautomationlabs.AutomationFramework.AppTest.quit(AppTest.java:34)
at com.naveenautomationlabs.AutomationFramework.AppTest.quit(AppTest.java:34)
at com.naveenautomationlabs.AutomationFramework.AppTest.quit(AppTest.java:34)
at com.naveenautomationlabs.AutomationFramework.AppTest.quit(AppTest.java:34)
at com.naveenautomationlabs.AutomationFramework.AppTest.quit(AppTest.java:34)
at com.naveenautomationlabs.AutomationFramework.AppTest.quit(AppTest.java:34)
at com.naveenautomationlabs.AutomationFramework.AppTest.quit(AppTest.java:34)
at com.naveenautomationlabs.AutomationFramework.AppTest.quit(AppTest.java:34)
at com.naveenautomationlabs.AutomationFramework.AppTest.quit(AppTest.java:34)
at com.naveenautomationlabs.AutomationFramework.AppTest.quit(AppTest.java:34)
at com.naveenautomationlabs.AutomationFramework.AppTest.quit(AppTest.java:34)
at com.naveenautomationlabs.AutomationFramework.AppTest.quit(AppTest.java:34)
at com.naveenautomationlabs.AutomationFramework.AppTest.quit(AppTest.java:34)
at com.naveenautomationlabs.AutomationFramework.AppTest.quit(AppTest.java:34)
at com.naveenautomationlabs.AutomationFramework.AppTest.quit(AppTest.java:34)
at com.naveenautomationlabs.AutomationFramework.AppTest.quit(AppTest.java:34)
at com.naveenautomationlabs.AutomationFramework.AppTest.quit(AppTest.java:34)
at com.naveenautomationlabs.AutomationFramework.AppTest.quit(AppTest.java:34)
at com.naveenautomationlabs.AutomationFramework.AppTest.quit(AppTest.java:34)
at com.naveenautomationlabs.AutomationFramework.AppTest.quit(AppTest.java:34)
at com.naveenautomationlabs.AutomationFramework.AppTest.quit(AppTest.java:34)
at com.naveenautomationlabs.AutomationFramework.AppTest.quit(AppTest.java:34)
at com.naveenautomationlabs.AutomationFramework.AppTest.quit(AppTest.java:34)
at com.naveenautomationlabs.AutomationFramework.AppTest.quit(AppTest.java:34)
at com.naveenautomationlabs.AutomationFramework.AppTest.quit(AppTest.java:34)
at com.naveenautomationlabs.AutomationFramework.AppTest.quit(AppTest.java:34)
at com.naveenautomationlabs.AutomationFramework.AppTest.quit(AppTest.java:34)
at com.naveenautomationlabs.AutomationFramework.AppTest.quit(AppTest.java:34)
at com.naveenautomationlabs.AutomationFramework.AppTest.quit(AppTest.java:34)
at com.naveenautomationlabs.AutomationFramework.AppTest.quit(AppTest.java:34)
at com.naveenautomationlabs.AutomationFramework.AppTest.quit(AppTest.java:34)
at com.naveenautomationlabs.AutomationFramework.AppTest.quit(AppTest.java:34)
at com.naveenautomationlabs.AutomationFramework.AppTest.quit(AppTest.java:34)
at com.naveenautomationlabs.AutomationFramework.AppTest.quit(AppTest.java:34)
at com.naveenautomationlabs.AutomationFramework.AppTest.quit(AppTest.java:34)
at com.naveenautomationlabs.AutomationFramework.AppTest.quit(AppTest.java:34)
at com.naveenautomationlabs.AutomationFramework.AppTest.quit(AppTest.java:34)
at com.naveenautomationlabs.AutomationFramework.AppTest.quit(AppTest.java:34)
at com.naveenautomationlabs.AutomationFramework.AppTest.quit(AppTest.java:34)
at com.naveenautomationlabs.AutomationFramework.AppTest.quit(AppTest.java:34)
at com.naveenautomationlabs.AutomationFramework.AppTest.quit(AppTest.java:34)
at com.naveenautomationlabs.AutomationFramework.AppTest.quit(AppTest.java:34)
at com.naveenautomationlabs.AutomationFramework.AppTest.quit(AppTest.java:34)
at com.naveenautomationlabs.AutomationFramework.AppTest.quit(AppTest.java:34)
at com.naveenautomationlabs.AutomationFramework.AppTest.quit(AppTest.java:34)
at com.naveenautomationlabs.AutomationFramework.AppTest.quit(AppTest.java:34)
at com.naveenautomationlabs.AutomationFramework.AppTest.quit(AppTest.java:34)
at com.naveenautomationlabs.AutomationFramework.AppTest.quit(AppTest.java:34)
at com.naveenautomationlabs.AutomationFramework.AppTest.quit(AppTest.java:34)
at com.naveenautomationlabs.AutomationFramework.AppTest.quit(AppTest.java:34)
at com.naveenautomationlabs.AutomationFramework.AppTest.quit(AppTest.java:34)
at com.naveenautomationlabs.AutomationFramework.AppTest.quit(AppTest.java:34)
at com.naveenautomationlabs.AutomationFramework.AppTest.quit(AppTest.java:34)
at com.naveenautomationlabs.AutomationFramework.AppTest.quit(AppTest.java:34)
at com.naveenautomationlabs.AutomationFramework.AppTest.quit(AppTest.java:34)
at com.naveenautomationlabs.AutomationFramework.AppTest.quit(AppTest.java:34)
at com.naveenautomationlabs.AutomationFramework.AppTest.quit(AppTest.java:34)
at com.naveenautomationlabs.AutomationFramework.AppTest.quit(AppTest.java:34)
at com.naveenautomationlabs.AutomationFramework.AppTest.quit(AppTest.java:34)
at com.naveenautomationlabs.AutomationFramework.AppTest.quit(AppTest.java:34)
at com.naveenautomationlabs.AutomationFramework.AppTest.quit(AppTest.java:34)
at com.naveenautomationlabs.AutomationFramework.AppTest.quit(AppTest.java:34)
at com.naveenautomationlabs.AutomationFramework.AppTest.quit(AppTest.java:34)
at com.naveenautomationlabs.AutomationFramework.AppTest.quit(AppTest.java:34)
at com.naveenautomationlabs.AutomationFramework.AppTest.quit(AppTest.java:34)
at com.naveenautomationlabs.AutomationFramework.AppTest.quit(AppTest.java:34)
at com.naveenautomationlabs.AutomationFramework.AppTest.quit(AppTest.java:34)
at com.naveenautomationlabs.AutomationFramework.AppTest.quit(AppTest.java:34)
at com.naveenautomationlabs.AutomationFramework.AppTest.quit(AppTest.java:34)
at com.naveenautomationlabs.AutomationFramework.AppTest.quit(AppTest.java:34)
at com.naveenautomationlabs.AutomationFramework.AppTest.quit(AppTest.java:34)
at com.naveenautomationlabs.AutomationFramework.AppTest.quit(AppTest.java:34)
at com.naveenautomationlabs.AutomationFramework.AppTest.quit(AppTest.java:34)
at com.naveenautomationlabs.AutomationFramework.AppTest.quit(AppTest.java:34)
at com.naveenautomationlabs.AutomationFramework.AppTest.quit(AppTest.java:34)
at com.naveenautomationlabs.AutomationFramework.AppTest.quit(AppTest.java:34)
at com.naveenautomationlabs.AutomationFramework.AppTest.quit(AppTest.java:34)
at com.naveenautomationlabs.AutomationFramework.AppTest.quit(AppTest.java:34)
at com.naveenautomationlabs.AutomationFramework.AppTest.quit(AppTest.java:34)
at com.naveenautomationlabs.AutomationFramework.AppTest.quit(AppTest.java:34)
at com.naveenautomationlabs.AutomationFramework.AppTest.quit(AppTest.java:34)
at com.naveenautomationlabs.AutomationFramework.AppTest.quit(AppTest.java:34)
at com.naveenautomationlabs.AutomationFramework.AppTest.quit(AppTest.java:34)
at com.naveenautomationlabs.AutomationFramework.AppTest.quit(AppTest.java:34)
at com.naveenautomationlabs.AutomationFramework.AppTest.quit(AppTest.java:34)
at com.naveenautomationlabs.AutomationFramework.AppTest.quit(AppTest.java:34)
at com.naveenautomationlabs.AutomationFramework.AppTest.quit(AppTest.java:34)
at com.naveenautomationlabs.AutomationFramework.AppTest.quit(AppTest.java:34)
at com.naveenautomationlabs.AutomationFramework.AppTest.quit(AppTest.java:34)
at com.naveenautomationlabs.AutomationFramework.AppTest.quit(AppTest.java:34)
at com.naveenautomationlabs.AutomationFramework.AppTest.quit(AppTest.java:34)
at com.naveenautomationlabs.AutomationFramework.AppTest.quit(AppTest.java:34)
at com.naveenautomationlabs.AutomationFramework.AppTest.quit(AppTest.java:34)
at com.naveenautomationlabs.AutomationFramework.AppTest.quit(AppTest.java:34)
at com.naveenautomationlabs.AutomationFramework.AppTest.quit(AppTest.java:34)
at com.naveenautomationlabs.AutomationFramework.AppTest.quit(AppTest.java:34)
at com.naveenautomationlabs.AutomationFramework.AppTest.quit(AppTest.java:34)
at com.naveenautomationlabs.AutomationFramework.AppTest.quit(AppTest.java:34)
at com.naveenautomationlabs.AutomationFramework.AppTest.quit(AppTest.java:34)
at com.naveenautomationlabs.AutomationFramework.AppTest.quit(AppTest.java:34)
at com.naveenautomationlabs.AutomationFramework.AppTest.quit(AppTest.java:34)
at com.naveenautomationlabs.AutomationFramework.AppTest.quit(AppTest.java:34)
at com.naveenautomationlabs.AutomationFramework.AppTest.quit(AppTest.java:34)
at com.naveenautomationlabs.AutomationFramework.AppTest.quit(AppTest.java:34)
at com.naveenautomationlabs.AutomationFramework.AppTest.quit(AppTest.java:34)
at com.naveenautomationlabs.AutomationFramework.AppTest.quit(AppTest.java:34)
at com.naveenautomationlabs.AutomationFramework.AppTest.quit(AppTest.java:34)
at com.naveenautomationlabs.AutomationFramework.AppTest.quit(AppTest.java:34)
at com.naveenautomationlabs.AutomationFramework.AppTest.quit(AppTest.java:34)
at com.naveenautomationlabs.AutomationFramework.AppTest.quit(AppTest.java:34)
at com.naveenautomationlabs.AutomationFramework.AppTest.quit(AppTest.java:34)
at com.naveenautomationlabs.AutomationFramework.AppTest.quit(AppTest.java:34)
at com.naveenautomationlabs.AutomationFramework.AppTest.quit(AppTest.java:34)
at com.naveenautomationlabs.AutomationFramework.AppTest.quit(AppTest.java:34)
at com.naveenautomationlabs.AutomationFramework.AppTest.quit(AppTest.java:34)
at com.naveenautomationlabs.AutomationFramework.AppTest.quit(AppTest.java:34)
at com.naveenautomationlabs.AutomationFramework.AppTest.quit(AppTest.java:34)
at com.naveenautomationlabs.AutomationFramework.AppTest.quit(AppTest.java:34)
at com.naveenautomationlabs.AutomationFramework.AppTest.quit(AppTest.java:34)
at com.naveenautomationlabs.AutomationFramework.AppTest.quit(AppTest.java:34)
at com.naveenautomationlabs.AutomationFramework.AppTest.quit(AppTest.java:34)
at com.naveenautomationlabs.AutomationFramework.AppTest.quit(AppTest.java:34)
at com.naveenautomationlabs.AutomationFramework.AppTest.quit(AppTest.java:34)
at com.naveenautomationlabs.AutomationFramework.AppTest.quit(AppTest.java:34)
at com.naveenautomationlabs.AutomationFramework.AppTest.quit(AppTest.java:34)
at com.naveenautomationlabs.AutomationFramework.AppTest.quit(AppTest.java:34)
at com.naveenautomationlabs.AutomationFramework.AppTest.quit(AppTest.java:34)
at com.naveenautomationlabs.AutomationFramework.AppTest.quit(AppTest.java:34)
at com.naveenautomationlabs.AutomationFramework.AppTest.quit(AppTest.java:34)
at com.naveenautomationlabs.AutomationFramework.AppTest.quit(AppTest.java:34)
at com.naveenautomationlabs.AutomationFramework.AppTest.quit(AppTest.java:34)
at com.naveenautomationlabs.AutomationFramework.AppTest.quit(AppTest.java:34)
at com.naveenautomationlabs.AutomationFramework.AppTest.quit(AppTest.java:34)
at com.naveenautomationlabs.AutomationFramework.AppTest.quit(AppTest.java:34)
at com.naveenautomationlabs.AutomationFramework.AppTest.quit(AppTest.java:34)
at com.naveenautomationlabs.AutomationFramework.AppTest.quit(AppTest.java:34)
at com.naveenautomationlabs.AutomationFramework.AppTest.quit(AppTest.java:34)
at com.naveenautomationlabs.AutomationFramework.AppTest.quit(AppTest.java:34)
at com.naveenautomationlabs.AutomationFramework.AppTest.quit(AppTest.java:34)
at com.naveenautomationlabs.AutomationFramework.AppTest.quit(AppTest.java:34)
at com.naveenautomationlabs.AutomationFramework.AppTest.quit(AppTest.java:34)
at com.naveenautomationlabs.AutomationFramework.AppTest.quit(AppTest.java:34)
at com.naveenautomationlabs.AutomationFramework.AppTest.quit(AppTest.java:34)
at com.naveenautomationlabs.AutomationFramework.AppTest.quit(AppTest.java:34)
at com.naveenautomationlabs.AutomationFramework.AppTest.quit(AppTest.java:34)
at com.naveenautomationlabs.AutomationFramework.AppTest.quit(AppTest.java:34)
at com.naveenautomationlabs.AutomationFramework.AppTest.quit(AppTest.java:34)
at com.naveenautomationlabs.AutomationFramework.AppTest.quit(AppTest.java:34)
at com.naveenautomationlabs.AutomationFramework.AppTest.quit(AppTest.java:34)
at com.naveenautomationlabs.AutomationFramework.AppTest.quit(AppTest.java:34)
at com.naveenautomationlabs.AutomationFramework.AppTest.quit(AppTest.java:34)
at com.naveenautomationlabs.AutomationFramework.AppTest.quit(AppTest.java:34)
at com.naveenautomationlabs.AutomationFramework.AppTest.quit(AppTest.java:34)
at com.naveenautomationlabs.AutomationFramework.AppTest.quit(AppTest.java:34)
at com.naveenautomationlabs.AutomationFramework.AppTest.quit(AppTest.java:34)
at com.naveenautomationlabs.AutomationFramework.AppTest.quit(AppTest.java:34)
at com.naveenautomationlabs.AutomationFramework.AppTest.quit(AppTest.java:34)
at com.naveenautomationlabs.AutomationFramework.AppTest.quit(AppTest.java:34)
at com.naveenautomationlabs.AutomationFramework.AppTest.quit(AppTest.java:34)
at com.naveenautomationlabs.AutomationFramework.AppTest.quit(AppTest.java:34)
at com.naveenautomationlabs.AutomationFramework.AppTest.quit(AppTest.java:34)
at com.naveenautomationlabs.AutomationFramework.AppTest.quit(AppTest.java:34)
at com.naveenautomationlabs.AutomationFramework.AppTest.quit(AppTest.java:34)
at com.naveenautomationlabs.AutomationFramework.AppTest.quit(AppTest.java:34)
at com.naveenautomationlabs.AutomationFramework.AppTest.quit(AppTest.java:34)
at com.naveenautomationlabs.AutomationFramework.AppTest.quit(AppTest.java:34)
at com.naveenautomationlabs.AutomationFramework.AppTest.quit(AppTest.java:34)
at com.naveenautomationlabs.AutomationFramework.AppTest.quit(AppTest.java:34)
at com.naveenautomationlabs.AutomationFramework.AppTest.quit(AppTest.java:34)
at com.naveenautomationlabs.AutomationFramework.AppTest.quit(AppTest.java:34)
at com.naveenautomationlabs.AutomationFramework.AppTest.quit(AppTest.java:34)
at com.naveenautomationlabs.AutomationFramework.AppTest.quit(AppTest.java:34)
at com.naveenautomationlabs.AutomationFramework.AppTest.quit(AppTest.java:34)
at com.naveenautomationlabs.AutomationFramework.AppTest.quit(AppTest.java:34)
at com.naveenautomationlabs.AutomationFramework.AppTest.quit(AppTest.java:34)
at com.naveenautomationlabs.AutomationFramework.AppTest.quit(AppTest.java:34)
at com.naveenautomationlabs.AutomationFramework.AppTest.quit(AppTest.java:34)
at com.naveenautomationlabs.AutomationFramework.AppTest.quit(AppTest.java:34)
at com.naveenautomationlabs.AutomationFramework.AppTest.quit(AppTest.java:34)
at com.naveenautomationlabs.AutomationFramework.AppTest.quit(AppTest.java:34)
at com.naveenautomationlabs.AutomationFramework.AppTest.quit(AppTest.java:34)
at com.naveenautomationlabs.AutomationFramework.AppTest.quit(AppTest.java:34)
at com.naveenautomationlabs.AutomationFramework.AppTest.quit(AppTest.java:34)
at com.naveenautomationlabs.AutomationFramework.AppTest.quit(AppTest.java:34)
at com.naveenautomationlabs.AutomationFramework.AppTest.quit(AppTest.java:34)
at com.naveenautomationlabs.AutomationFramework.AppTest.quit(AppTest.java:34)
at com.naveenautomationlabs.AutomationFramework.AppTest.quit(AppTest.java:34)
at com.naveenautomationlabs.AutomationFramework.AppTest.quit(AppTest.java:34)
at com.naveenautomationlabs.AutomationFramework.AppTest.quit(AppTest.java:34)
at com.naveenautomationlabs.AutomationFramework.AppTest.quit(AppTest.java:34)
at com.naveenautomationlabs.AutomationFramework.AppTest.quit(AppTest.java:34)
at com.naveenautomationlabs.AutomationFramework.AppTest.quit(AppTest.java:34)
at com.naveenautomationlabs.AutomationFramework.AppTest.quit(AppTest.java:34)
at com.naveenautomationlabs.AutomationFramework.AppTest.quit(AppTest.java:34)
at com.naveenautomationlabs.AutomationFramework.AppTest.quit(AppTest.java:34)
at com.naveenautomationlabs.AutomationFramework.AppTest.quit(AppTest.java:34)
at com.naveenautomationlabs.AutomationFramework.AppTest.quit(AppTest.java:34)
at com.naveenautomationlabs.AutomationFramework.AppTest.quit(AppTest.java:34)
at com.naveenautomationlabs.AutomationFramework.AppTest.quit(AppTest.java:34)
at com.naveenautomationlabs.AutomationFramework.AppTest.quit(AppTest.java:34)
at com.naveenautomationlabs.AutomationFramework.AppTest.quit(AppTest.java:34)
at com.naveenautomationlabs.AutomationFramework.AppTest.quit(AppTest.java:34)
at com.naveenautomationlabs.AutomationFramework.AppTest.quit(AppTest.java:34)
at com.naveenautomationlabs.AutomationFramework.AppTest.quit(AppTest.java:34)
at com.naveenautomationlabs.AutomationFramework.AppTest.quit(AppTest.java:34)
at com.naveenautomationlabs.AutomationFramework.AppTest.quit(AppTest.java:34)
at com.naveenautomationlabs.AutomationFramework.AppTest.quit(AppTest.java:34)
at com.naveenautomationlabs.AutomationFramework.AppTest.quit(AppTest.java:34)
at com.naveenautomationlabs.AutomationFramework.AppTest.quit(AppTest.java:34)
at com.naveenautomationlabs.AutomationFramework.AppTest.quit(AppTest.java:34)
at com.naveenautomationlabs.AutomationFramework.AppTest.quit(AppTest.java:34)
at com.naveenautomationlabs.AutomationFramework.AppTest.quit(AppTest.java:34)
at com.naveenautomationlabs.AutomationFramework.AppTest.quit(AppTest.java:34)
at com.naveenautomationlabs.AutomationFramework.AppTest.quit(AppTest.java:34)
at com.naveenautomationlabs.AutomationFramework.AppTest.quit(AppTest.java:34)
at com.naveenautomationlabs.AutomationFramework.AppTest.quit(AppTest.java:34)
at com.naveenautomationlabs.AutomationFramework.AppTest.quit(AppTest.java:34)
at com.naveenautomationlabs.AutomationFramework.AppTest.quit(AppTest.java:34)
at com.naveenautomationlabs.AutomationFramework.AppTest.quit(AppTest.java:34)
at com.naveenautomationlabs.AutomationFramework.AppTest.quit(AppTest.java:34)
at com.naveenautomationlabs.AutomationFramework.AppTest.quit(AppTest.java:34)
at com.naveenautomationlabs.AutomationFramework.AppTest.quit(AppTest.java:34)
at com.naveenautomationlabs.AutomationFramework.AppTest.quit(AppTest.java:34)
at com.naveenautomationlabs.AutomationFramework.AppTest.quit(AppTest.java:34)
at com.naveenautomationlabs.AutomationFramework.AppTest.quit(AppTest.java:34)
at com.naveenautomationlabs.AutomationFramework.AppTest.quit(AppTest.java:34)
at com.naveenautomationlabs.AutomationFramework.AppTest.quit(AppTest.java:34)
at com.naveenautomationlabs.AutomationFramework.AppTest.quit(AppTest.java:34)
at com.naveenautomationlabs.AutomationFramework.AppTest.quit(AppTest.java:34)
at com.naveenautomationlabs.AutomationFramework.AppTest.quit(AppTest.java:34)
at com.naveenautomationlabs.AutomationFramework.AppTest.quit(AppTest.java:34)
at com.naveenautomationlabs.AutomationFramework.AppTest.quit(AppTest.java:34)
at com.naveenautomationlabs.AutomationFramework.AppTest.quit(AppTest.java:34)
at com.naveenautomationlabs.AutomationFramework.AppTest.quit(AppTest.java:34)
at com.naveenautomationlabs.AutomationFramework.AppTest.quit(AppTest.java:34)
at com.naveenautomationlabs.AutomationFramework.AppTest.quit(AppTest.java:34)
at com.naveenautomationlabs.AutomationFramework.AppTest.quit(AppTest.java:34)
at com.naveenautomationlabs.AutomationFramework.AppTest.quit(AppTest.java:34)
at com.naveenautomationlabs.AutomationFramework.AppTest.quit(AppTest.java:34)
at com.naveenautomationlabs.AutomationFramework.AppTest.quit(AppTest.java:34)
at com.naveenautomationlabs.AutomationFramework.AppTest.quit(AppTest.java:34)
at com.naveenautomationlabs.AutomationFramework.AppTest.quit(AppTest.java:34)
at com.naveenautomationlabs.AutomationFramework.AppTest.quit(AppTest.java:34)
at com.naveenautomationlabs.AutomationFramework.AppTest.quit(AppTest.java:34)
at com.naveenautomationlabs.AutomationFramework.AppTest.quit(AppTest.java:34)
at com.naveenautomationlabs.AutomationFramework.AppTest.quit(AppTest.java:34)
at com.naveenautomationlabs.AutomationFramework.AppTest.quit(AppTest.java:34)
at com.naveenautomationlabs.AutomationFramework.AppTest.quit(AppTest.java:34)
at com.naveenautomationlabs.AutomationFramework.AppTest.quit(AppTest.java:34)
at com.naveenautomationlabs.AutomationFramework.AppTest.quit(AppTest.java:34)
at com.naveenautomationlabs.AutomationFramework.AppTest.quit(AppTest.java:34)
at com.naveenautomationlabs.AutomationFramework.AppTest.quit(AppTest.java:34)
at com.naveenautomationlabs.AutomationFramework.AppTest.quit(AppTest.java:34)
at com.naveenautomationlabs.AutomationFramework.AppTest.quit(AppTest.java:34)
at com.naveenautomationlabs.AutomationFramework.AppTest.quit(AppTest.java:34)
at com.naveenautomationlabs.AutomationFramework.AppTest.quit(AppTest.java:34)
at com.naveenautomationlabs.AutomationFramework.AppTest.quit(AppTest.java:34)
at com.naveenautomationlabs.AutomationFramework.AppTest.quit(AppTest.java:34)
at com.naveenautomationlabs.AutomationFramework.AppTest.quit(AppTest.java:34)
at com.naveenautomationlabs.AutomationFramework.AppTest.quit(AppTest.java:34)
at com.naveenautomationlabs.AutomationFramework.AppTest.quit(AppTest.java:34)
at com.naveenautomationlabs.AutomationFramework.AppTest.quit(AppTest.java:34)
at com.naveenautomationlabs.AutomationFramework.AppTest.quit(AppTest.java:34)
at com.naveenautomationlabs.AutomationFramework.AppTest.quit(AppTest.java:34)
at com.naveenautomationlabs.AutomationFramework.AppTest.quit(AppTest.java:34)
at com.naveenautomationlabs.AutomationFramework.AppTest.quit(AppTest.java:34)
at com.naveenautomationlabs.AutomationFramework.AppTest.quit(AppTest.java:34)
at com.naveenautomationlabs.AutomationFramework.AppTest.quit(AppTest.java:34)
at com.naveenautomationlabs.AutomationFramework.AppTest.quit(AppTest.java:34)
at com.naveenautomationlabs.AutomationFramework.AppTest.quit(AppTest.java:34)
at com.naveenautomationlabs.AutomationFramework.AppTest.quit(AppTest.java:34)
at com.naveenautomationlabs.AutomationFramework.AppTest.quit(AppTest.java:34)
at com.naveenautomationlabs.AutomationFramework.AppTest.quit(AppTest.java:34)
at com.naveenautomationlabs.AutomationFramework.AppTest.quit(AppTest.java:34)
at com.naveenautomationlabs.AutomationFramework.AppTest.quit(AppTest.java:34)
at com.naveenautomationlabs.AutomationFramework.AppTest.quit(AppTest.java:34)
at com.naveenautomationlabs.AutomationFramework.AppTest.quit(AppTest.java:34)
at com.naveenautomationlabs.AutomationFramework.AppTest.quit(AppTest.java:34)
at com.naveenautomationlabs.AutomationFramework.AppTest.quit(AppTest.java:34)
at com.naveenautomationlabs.AutomationFramework.AppTest.quit(AppTest.java:34)
at com.naveenautomationlabs.AutomationFramework.AppTest.quit(AppTest.java:34)
at com.naveenautomationlabs.AutomationFramework.AppTest.quit(AppTest.java:34)
at com.naveenautomationlabs.AutomationFramework.AppTest.quit(AppTest.java:34)
at com.naveenautomationlabs.AutomationFramework.AppTest.quit(AppTest.java:34)
at com.naveenautomationlabs.AutomationFramework.AppTest.quit(AppTest.java:34)
at com.naveenautomationlabs.AutomationFramework.AppTest.quit(AppTest.java:34)
at com.naveenautomationlabs.AutomationFramework.AppTest.quit(AppTest.java:34)
at com.naveenautomationlabs.AutomationFramework.AppTest.quit(AppTest.java:34)
at com.naveenautomationlabs.AutomationFramework.AppTest.quit(AppTest.java:34)
at com.naveenautomationlabs.AutomationFramework.AppTest.quit(AppTest.java:34)
at com.naveenautomationlabs.AutomationFramework.AppTest.quit(AppTest.java:34)
at com.naveenautomationlabs.AutomationFramework.AppTest.quit(AppTest.java:34)
at com.naveenautomationlabs.AutomationFramework.AppTest.quit(AppTest.java:34)
at com.naveenautomationlabs.AutomationFramework.AppTest.quit(AppTest.java:34)
at com.naveenautomationlabs.AutomationFramework.AppTest.quit(AppTest.java:34)
at com.naveenautomationlabs.AutomationFramework.AppTest.quit(AppTest.java:34)
at com.naveenautomationlabs.AutomationFramework.AppTest.quit(AppTest.java:34)
at com.naveenautomationlabs.AutomationFramework.AppTest.quit(AppTest.java:34)
at com.naveenautomationlabs.AutomationFramework.AppTest.quit(AppTest.java:34)
at com.naveenautomationlabs.AutomationFramework.AppTest.quit(AppTest.java:34)
at com.naveenautomationlabs.AutomationFramework.AppTest.quit(AppTest.java:34)
at com.naveenautomationlabs.AutomationFramework.AppTest.quit(AppTest.java:34)
at com.naveenautomationlabs.AutomationFramework.AppTest.quit(AppTest.java:34)
at com.naveenautomationlabs.AutomationFramework.AppTest.quit(AppTest.java:34)
at com.naveenautomationlabs.AutomationFramework.AppTest.quit(AppTest.java:34)
at com.naveenautomationlabs.AutomationFramework.AppTest.quit(AppTest.java:34)
at com.naveenautomationlabs.AutomationFramework.AppTest.quit(AppTest.java:34)
at com.naveenautomationlabs.AutomationFramework.AppTest.quit(AppTest.java:34)
at com.naveenautomationlabs.AutomationFramework.AppTest.quit(AppTest.java:34)
at com.naveenautomationlabs.AutomationFramework.AppTest.quit(AppTest.java:34)
at com.naveenautomationlabs.AutomationFramework.AppTest.quit(AppTest.java:34)
at com.naveenautomationlabs.AutomationFramework.AppTest.quit(AppTest.java:34)
at com.naveenautomationlabs.AutomationFramework.AppTest.quit(AppTest.java:34)
at com.naveenautomationlabs.AutomationFramework.AppTest.quit(AppTest.java:34)
at com.naveenautomationlabs.AutomationFramework.AppTest.quit(AppTest.java:34)
at com.naveenautomationlabs.AutomationFramework.AppTest.quit(AppTest.java:34)
at com.naveenautomationlabs.AutomationFramework.AppTest.quit(AppTest.java:34)
at com.naveenautomationlabs.AutomationFramework.AppTest.quit(AppTest.java:34)
at com.naveenautomationlabs.AutomationFramework.AppTest.quit(AppTest.java:34)
at com.naveenautomationlabs.AutomationFramework.AppTest.quit(AppTest.java:34)
at com.naveenautomationlabs.AutomationFramework.AppTest.quit(AppTest.java:34)
at com.naveenautomationlabs.AutomationFramework.AppTest.quit(AppTest.java:34)
at com.naveenautomationlabs.AutomationFramework.AppTest.quit(AppTest.java:34)
at com.naveenautomationlabs.AutomationFramework.AppTest.quit(AppTest.java:34)
at com.naveenautomationlabs.AutomationFramework.AppTest.quit(AppTest.java:34)
at com.naveenautomationlabs.AutomationFramework.AppTest.quit(AppTest.java:34)
at com.naveenautomationlabs.AutomationFramework.AppTest.quit(AppTest.java:34)
at com.naveenautomationlabs.AutomationFramework.AppTest.quit(AppTest.java:34)
at com.naveenautomationlabs.AutomationFramework.AppTest.quit(AppTest.java:34)
at com.naveenautomationlabs.AutomationFramework.AppTest.quit(AppTest.java:34)
at com.naveenautomationlabs.AutomationFramework.AppTest.quit(AppTest.java:34)
at com.naveenautomationlabs.AutomationFramework.AppTest.quit(AppTest.java:34)
at com.naveenautomationlabs.AutomationFramework.AppTest.quit(AppTest.java:34)
at com.naveenautomationlabs.AutomationFramework.AppTest.quit(AppTest.java:34)
at com.naveenautomationlabs.AutomationFramework.AppTest.quit(AppTest.java:34)
at com.naveenautomationlabs.AutomationFramework.AppTest.quit(AppTest.java:34)
at com.naveenautomationlabs.AutomationFramework.AppTest.quit(AppTest.java:34)
at com.naveenautomationlabs.AutomationFramework.AppTest.quit(AppTest.java:34)
at com.naveenautomationlabs.AutomationFramework.AppTest.quit(AppTest.java:34)
at com.naveenautomationlabs.AutomationFramework.AppTest.quit(AppTest.java:34)
at com.naveenautomationlabs.AutomationFramework.AppTest.quit(AppTest.java:34)
at com.naveenautomationlabs.AutomationFramework.AppTest.quit(AppTest.java:34)
at com.naveenautomationlabs.AutomationFramework.AppTest.quit(AppTest.java:34)
at com.naveenautomationlabs.AutomationFramework.AppTest.quit(AppTest.java:34)
at com.naveenautomationlabs.AutomationFramework.AppTest.quit(AppTest.java:34)
at com.naveenautomationlabs.AutomationFramework.AppTest.quit(AppTest.java:34)
at com.naveenautomationlabs.AutomationFramework.AppTest.quit(AppTest.java:34)
at com.naveenautomationlabs.AutomationFramework.AppTest.quit(AppTest.java:34)
at com.naveenautomationlabs.AutomationFramework.AppTest.quit(AppTest.java:34)
at com.naveenautomationlabs.AutomationFramework.AppTest.quit(AppTest.java:34)
at com.naveenautomationlabs.AutomationFramework.AppTest.quit(AppTest.java:34)
at com.naveenautomationlabs.AutomationFramework.AppTest.quit(AppTest.java:34)
at com.naveenautomationlabs.AutomationFramework.AppTest.quit(AppTest.java:34)
at com.naveenautomationlabs.AutomationFramework.AppTest.quit(AppTest.java:34)
at com.naveenautomationlabs.AutomationFramework.AppTest.quit(AppTest.java:34)
at com.naveenautomationlabs.AutomationFramework.AppTest.quit(AppTest.java:34)
at com.naveenautomationlabs.AutomationFramework.AppTest.quit(AppTest.java:34)
at com.naveenautomationlabs.AutomationFramework.AppTest.quit(AppTest.java:34)
at com.naveenautomationlabs.AutomationFramework.AppTest.quit(AppTest.java:34)
at com.naveenautomationlabs.AutomationFramework.AppTest.quit(AppTest.java:34)
at com.naveenautomationlabs.AutomationFramework.AppTest.quit(AppTest.java:34)
at com.naveenautomationlabs.AutomationFramework.AppTest.quit(AppTest.java:34)
at com.naveenautomationlabs.AutomationFramework.AppTest.quit(AppTest.java:34)
at com.naveenautomationlabs.AutomationFramework.AppTest.quit(AppTest.java:34)
at com.naveenautomationlabs.AutomationFramework.AppTest.quit(AppTest.java:34)
at com.naveenautomationlabs.AutomationFramework.AppTest.quit(AppTest.java:34)
at com.naveenautomationlabs.AutomationFramework.AppTest.quit(AppTest.java:34)
at com.naveenautomationlabs.AutomationFramework.AppTest.quit(AppTest.java:34)
at com.naveenautomationlabs.AutomationFramework.AppTest.quit(AppTest.java:34)
at com.naveenautomationlabs.AutomationFramework.AppTest.quit(AppTest.java:34)
at com.naveenautomationlabs.AutomationFramework.AppTest.quit(AppTest.java:34)
at com.naveenautomationlabs.AutomationFramework.AppTest.quit(AppTest.java:34)
at com.naveenautomationlabs.AutomationFramework.AppTest.quit(AppTest.java:34)
at com.naveenautomationlabs.AutomationFramework.AppTest.quit(AppTest.java:34)
at com.naveenautomationlabs.AutomationFramework.AppTest.quit(AppTest.java:34)
at com.naveenautomationlabs.AutomationFramework.AppTest.quit(AppTest.java:34)
at com.naveenautomationlabs.AutomationFramework.AppTest.quit(AppTest.java:34)
at com.naveenautomationlabs.AutomationFramework.AppTest.quit(AppTest.java:34)
at com.naveenautomationlabs.AutomationFramework.AppTest.quit(AppTest.java:34)
at com.naveenautomationlabs.AutomationFramework.AppTest.quit(AppTest.java:34)
at com.naveenautomationlabs.AutomationFramework.AppTest.quit(AppTest.java:34)
at com.naveenautomationlabs.AutomationFramework.AppTest.quit(AppTest.java:34)
at com.naveenautomationlabs.AutomationFramework.AppTest.quit(AppTest.java:34)
at com.naveenautomationlabs.AutomationFramework.AppTest.quit(AppTest.java:34)
at com.naveenautomationlabs.AutomationFramework.AppTest.quit(AppTest.java:34)
at com.naveenautomationlabs.AutomationFramework.AppTest.quit(AppTest.java:34)
at com.naveenautomationlabs.AutomationFramework.AppTest.quit(AppTest.java:34)
at com.naveenautomationlabs.AutomationFramework.AppTest.quit(AppTest.java:34)
at com.naveenautomationlabs.AutomationFramework.AppTest.quit(AppTest.java:34)
at com.naveenautomationlabs.AutomationFramework.AppTest.quit(AppTest.java:34)
at com.naveenautomationlabs.AutomationFramework.AppTest.quit(AppTest.java:34)
at com.naveenautomationlabs.AutomationFramework.AppTest.quit(AppTest.java:34)
at com.naveenautomationlabs.AutomationFramework.AppTest.quit(AppTest.java:34)
at com.naveenautomationlabs.AutomationFramework.AppTest.quit(AppTest.java:34)
at com.naveenautomationlabs.AutomationFramework.AppTest.quit(AppTest.java:34)
at com.naveenautomationlabs.AutomationFramework.AppTest.quit(AppTest.java:34)
at com.naveenautomationlabs.AutomationFramework.AppTest.quit(AppTest.java:34)
at com.naveenautomationlabs.AutomationFramework.AppTest.quit(AppTest.java:34)
at com.naveenautomationlabs.AutomationFramework.AppTest.quit(AppTest.java:34)
at com.naveenautomationlabs.AutomationFramework.AppTest.quit(AppTest.java:34)
at com.naveenautomationlabs.AutomationFramework.AppTest.quit(AppTest.java:34)
at com.naveenautomationlabs.AutomationFramework.AppTest.quit(AppTest.java:34)
at com.naveenautomationlabs.AutomationFramework.AppTest.quit(AppTest.java:34)
at com.naveenautomationlabs.AutomationFramework.AppTest.quit(AppTest.java:34)
at com.naveenautomationlabs.AutomationFramework.AppTest.quit(AppTest.java:34)
at com.naveenautomationlabs.AutomationFramework.AppTest.quit(AppTest.java:34)
at com.naveenautomationlabs.AutomationFramework.AppTest.quit(AppTest.java:34)
at com.naveenautomationlabs.AutomationFramework.AppTest.quit(AppTest.java:34)
at com.naveenautomationlabs.AutomationFramework.AppTest.quit(AppTest.java:34)
at com.naveenautomationlabs.AutomationFramework.AppTest.quit(AppTest.java:34)
at com.naveenautomationlabs.AutomationFramework.AppTest.quit(AppTest.java:34)
at com.naveenautomationlabs.AutomationFramework.AppTest.quit(AppTest.java:34)
at com.naveenautomationlabs.AutomationFramework.AppTest.quit(AppTest.java:34)
at com.naveenautomationlabs.AutomationFramework.AppTest.quit(AppTest.java:34)
at com.naveenautomationlabs.AutomationFramework.AppTest.quit(AppTest.java:34)
at com.naveenautomationlabs.AutomationFramework.AppTest.quit(AppTest.java:34)
at com.naveenautomationlabs.AutomationFramework.AppTest.quit(AppTest.java:34)
at com.naveenautomationlabs.AutomationFramework.AppTest.quit(AppTest.java:34)
at com.naveenautomationlabs.AutomationFramework.AppTest.quit(AppTest.java:34)
at com.naveenautomationlabs.AutomationFramework.AppTest.quit(AppTest.java:34)
at com.naveenautomationlabs.AutomationFramework.AppTest.quit(AppTest.java:34)
at com.naveenautomationlabs.AutomationFramework.AppTest.quit(AppTest.java:34)
at com.naveenautomationlabs.AutomationFramework.AppTest.quit(AppTest.java:34)
at com.naveenautomationlabs.AutomationFramework.AppTest.quit(AppTest.java:34)
at com.naveenautomationlabs.AutomationFramework.AppTest.quit(AppTest.java:34)
at com.naveenautomationlabs.AutomationFramework.AppTest.quit(AppTest.java:34)
at com.naveenautomationlabs.AutomationFramework.AppTest.quit(AppTest.java:34)
at com.naveenautomationlabs.AutomationFramework.AppTest.quit(AppTest.java:34)
at com.naveenautomationlabs.AutomationFramework.AppTest.quit(AppTest.java:34)
at com.naveenautomationlabs.AutomationFramework.AppTest.quit(AppTest.java:34)
at com.naveenautomationlabs.AutomationFramework.AppTest.quit(AppTest.java:34)
at com.naveenautomationlabs.AutomationFramework.AppTest.quit(AppTest.java:34)
at com.naveenautomationlabs.AutomationFramework.AppTest.quit(AppTest.java:34)
at com.naveenautomationlabs.AutomationFramework.AppTest.quit(AppTest.java:34)
at com.naveenautomationlabs.AutomationFramework.AppTest.quit(AppTest.java:34)
at com.naveenautomationlabs.AutomationFramework.AppTest.quit(AppTest.java:34)
at com.naveenautomationlabs.AutomationFramework.AppTest.quit(AppTest.java:34)
at com.naveenautomationlabs.AutomationFramework.AppTest.quit(AppTest.java:34)
at com.naveenautomationlabs.AutomationFramework.AppTest.quit(AppTest.java:34)
at com.naveenautomationlabs.AutomationFramework.AppTest.quit(AppTest.java:34)
at com.naveenautomationlabs.AutomationFramework.AppTest.quit(AppTest.java:34)
at com.naveenautomationlabs.AutomationFramework.AppTest.quit(AppTest.java:34)
at com.naveenautomationlabs.AutomationFramework.AppTest.quit(AppTest.java:34)
at com.naveenautomationlabs.AutomationFramework.AppTest.quit(AppTest.java:34)
at com.naveenautomationlabs.AutomationFramework.AppTest.quit(AppTest.java:34)
at com.naveenautomationlabs.AutomationFramework.AppTest.quit(AppTest.java:34)
at com.naveenautomationlabs.AutomationFramework.AppTest.quit(AppTest.java:34)
at com.naveenautomationlabs.AutomationFramework.AppTest.quit(AppTest.java:34)
at com.naveenautomationlabs.AutomationFramework.AppTest.quit(AppTest.java:34)
at com.naveenautomationlabs.AutomationFramework.AppTest.quit(AppTest.java:34)
at com.naveenautomationlabs.AutomationFramework.AppTest.quit(AppTest.java:34)
at com.naveenautomationlabs.AutomationFramework.AppTest.quit(AppTest.java:34)
at com.naveenautomationlabs.AutomationFramework.AppTest.quit(AppTest.java:34)
at com.naveenautomationlabs.AutomationFramework.AppTest.quit(AppTest.java:34)
at com.naveenautomationlabs.AutomationFramework.AppTest.quit(AppTest.java:34)
at com.naveenautomationlabs.AutomationFramework.AppTest.quit(AppTest.java:34)
at com.naveenautomationlabs.AutomationFramework.AppTest.quit(AppTest.java:34)
at com.naveenautomationlabs.AutomationFramework.AppTest.quit(AppTest.java:34)
at com.naveenautomationlabs.AutomationFramework.AppTest.quit(AppTest.java:34)
at com.naveenautomationlabs.AutomationFramework.AppTest.quit(AppTest.java:34)
at com.naveenautomationlabs.AutomationFramework.AppTest.quit(AppTest.java:34)
at com.naveenautomationlabs.AutomationFramework.AppTest.quit(AppTest.java:34)
at com.naveenautomationlabs.AutomationFramework.AppTest.quit(AppTest.java:34)
at com.naveenautomationlabs.AutomationFramework.AppTest.quit(AppTest.java:34)
at com.naveenautomationlabs.AutomationFramework.AppTest.quit(AppTest.java:34)
at com.naveenautomationlabs.AutomationFramework.AppTest.quit(AppTest.java:34)
at com.naveenautomationlabs.AutomationFramework.AppTest.quit(AppTest.java:34)
at com.naveenautomationlabs.AutomationFramework.AppTest.quit(AppTest.java:34)
at com.naveenautomationlabs.AutomationFramework.AppTest.quit(AppTest.java:34)
at com.naveenautomationlabs.AutomationFramework.AppTest.quit(AppTest.java:34)
at com.naveenautomationlabs.AutomationFramework.AppTest.quit(AppTest.java:34)
at com.naveenautomationlabs.AutomationFramework.AppTest.quit(AppTest.java:34)
at com.naveenautomationlabs.AutomationFramework.AppTest.quit(AppTest.java:34)
at com.naveenautomationlabs.AutomationFramework.AppTest.quit(AppTest.java:34)
at com.naveenautomationlabs.AutomationFramework.AppTest.quit(AppTest.java:34)
at com.naveenautomationlabs.AutomationFramework.AppTest.quit(AppTest.java:34)
at com.naveenautomationlabs.AutomationFramework.AppTest.quit(AppTest.java:34)
at com.naveenautomationlabs.AutomationFramework.AppTest.quit(AppTest.java:34)
at com.naveenautomationlabs.AutomationFramework.AppTest.quit(AppTest.java:34)
at com.naveenautomationlabs.AutomationFramework.AppTest.quit(AppTest.java:34)
at com.naveenautomationlabs.AutomationFramework.AppTest.quit(AppTest.java:34)
at com.naveenautomationlabs.AutomationFramework.AppTest.quit(AppTest.java:34)
at com.naveenautomationlabs.AutomationFramework.AppTest.quit(AppTest.java:34)
at com.naveenautomationlabs.AutomationFramework.AppTest.quit(AppTest.java:34)
at com.naveenautomationlabs.AutomationFramework.AppTest.quit(AppTest.java:34)
at com.naveenautomationlabs.AutomationFramework.AppTest.quit(AppTest.java:34)
at com.naveenautomationlabs.AutomationFramework.AppTest.quit(AppTest.java:34)
at com.naveenautomationlabs.AutomationFramework.AppTest.quit(AppTest.java:34)
at com.naveenautomationlabs.AutomationFramework.AppTest.quit(AppTest.java:34)
at com.naveenautomationlabs.AutomationFramework.AppTest.quit(AppTest.java:34)
at com.naveenautomationlabs.AutomationFramework.AppTest.quit(AppTest.java:34)
at com.naveenautomationlabs.AutomationFramework.AppTest.quit(AppTest.java:34)
at com.naveenautomationlabs.AutomationFramework.AppTest.quit(AppTest.java:34)
at com.naveenautomationlabs.AutomationFramework.AppTest.quit(AppTest.java:34)
at com.naveenautomationlabs.AutomationFramework.AppTest.quit(AppTest.java:34)
at com.naveenautomationlabs.AutomationFramework.AppTest.quit(AppTest.java:34)
at com.naveenautomationlabs.AutomationFramework.AppTest.quit(AppTest.java:34)
at com.naveenautomationlabs.AutomationFramework.AppTest.quit(AppTest.java:34)
at com.naveenautomationlabs.AutomationFramework.AppTest.quit(AppTest.java:34)
at com.naveenautomationlabs.AutomationFramework.AppTest.quit(AppTest.java:34)
at com.naveenautomationlabs.AutomationFramework.AppTest.quit(AppTest.java:34)
at com.naveenautomationlabs.AutomationFramework.AppTest.quit(AppTest.java:34)
at com.naveenautomationlabs.AutomationFramework.AppTest.quit(AppTest.java:34)
at com.naveenautomationlabs.AutomationFramework.AppTest.quit(AppTest.java:34)
at com.naveenautomationlabs.AutomationFramework.AppTest.quit(AppTest.java:34)
at com.naveenautomationlabs.AutomationFramework.AppTest.quit(AppTest.java:34)
at com.naveenautomationlabs.AutomationFramework.AppTest.quit(AppTest.java:34)
at com.naveenautomationlabs.AutomationFramework.AppTest.quit(AppTest.java:34)
at com.naveenautomationlabs.AutomationFramework.AppTest.quit(AppTest.java:34)
at com.naveenautomationlabs.AutomationFramework.AppTest.quit(AppTest.java:34)
at com.naveenautomationlabs.AutomationFramework.AppTest.quit(AppTest.java:34)
at com.naveenautomationlabs.AutomationFramework.AppTest.quit(AppTest.java:34)
at com.naveenautomationlabs.AutomationFramework.AppTest.quit(AppTest.java:34)
at com.naveenautomationlabs.AutomationFramework.AppTest.quit(AppTest.java:34)
at com.naveenautomationlabs.AutomationFramework.AppTest.quit(AppTest.java:34)
at com.naveenautomationlabs.AutomationFramework.AppTest.quit(AppTest.java:34)
at com.naveenautomationlabs.AutomationFramework.AppTest.quit(AppTest.java:34)
at com.naveenautomationlabs.AutomationFramework.AppTest.quit(AppTest.java:34)
at com.naveenautomationlabs.AutomationFramework.AppTest.quit(AppTest.java:34)
at com.naveenautomationlabs.AutomationFramework.AppTest.quit(AppTest.java:34)
at com.naveenautomationlabs.AutomationFramework.AppTest.quit(AppTest.java:34)
at com.naveenautomationlabs.AutomationFramework.AppTest.quit(AppTest.java:34)
at com.naveenautomationlabs.AutomationFramework.AppTest.quit(AppTest.java:34)
at com.naveenautomationlabs.AutomationFramework.AppTest.quit(AppTest.java:34)
at com.naveenautomationlabs.AutomationFramework.AppTest.quit(AppTest.java:34)
at com.naveenautomationlabs.AutomationFramework.AppTest.quit(AppTest.java:34)
at com.naveenautomationlabs.AutomationFramework.AppTest.quit(AppTest.java:34)
at com.naveenautomationlabs.AutomationFramework.AppTest.quit(AppTest.java:34)
at com.naveenautomationlabs.AutomationFramework.AppTest.quit(AppTest.java:34)
at com.naveenautomationlabs.AutomationFramework.AppTest.quit(AppTest.java:34)
at com.naveenautomationlabs.AutomationFramework.AppTest.quit(AppTest.java:34)
at com.naveenautomationlabs.AutomationFramework.AppTest.quit(AppTest.java:34)
at com.naveenautomationlabs.AutomationFramework.AppTest.quit(AppTest.java:34)
at com.naveenautomationlabs.AutomationFramework.AppTest.quit(AppTest.java:34)
at com.naveenautomationlabs.AutomationFramework.AppTest.quit(AppTest.java:34)
at com.naveenautomationlabs.AutomationFramework.AppTest.quit(AppTest.java:34)
at com.naveenautomationlabs.AutomationFramework.AppTest.quit(AppTest.java:34)
at com.naveenautomationlabs.AutomationFramework.AppTest.quit(AppTest.java:34)
at com.naveenautomationlabs.AutomationFramework.AppTest.quit(AppTest.java:34)
at com.naveenautomationlabs.AutomationFramework.AppTest.quit(AppTest.java:34)
at com.naveenautomationlabs.AutomationFramework.AppTest.quit(AppTest.java:34)
at com.naveenautomationlabs.AutomationFramework.AppTest.quit(AppTest.java:34)
at com.naveenautomationlabs.AutomationFramework.AppTest.quit(AppTest.java:34)
]]>
    </error>
  </testcase> <!-- quit -->
  <system-out/>
</testsuite> <!-- com.naveenautomationlabs.AutomationFramework.AppTest -->
